00:16:07 **** Clean-only build of configuration Nios II for project lab ****
make clean 
[lab clean complete]
00:16:09 **** Build of configuration Nios II for project lab ****
make all 
Info: Building ../lab_bsp/
C:/intelFPGA_lite/18.1/nios2eds/bin/gnu/H-x86_64-mingw32/bin/make --no-print-directory -C ../lab_bsp/
[BSP build complete]
Info: Compiling hello_world.c to obj/default/hello_world.o
nios2-elf-gcc -xc -MP -MMD -c -I../lab_bsp//HAL/inc -I../lab_bsp/ -I../lab_bsp//drivers/inc  -pipe -D__hal__ -DALT_NO_INSTRUCTION_EMULATION -DALT_SINGLE_THREADED    -O0 -g -Wall   -mno-hw-div -mno-hw-mul -mno-hw-mulx -mgpopt=global  -o obj/default/hello_world.o hello_world.c
Info: Linking lab.elf
nios2-elf-g++  -T'../lab_bsp//linker.x' -msys-crt0='../lab_bsp//obj/HAL/src/crt0.o' -msys-lib=hal_bsp -L../lab_bsp/   -Wl,-Map=lab.map   -O0 -g -Wall   -mno-hw-div -mno-hw-mul -mno-hw-mulx -mgpopt=global  -o lab.elf obj/default/hello_world.o -lm -msys-lib=m
nios2-elf-insert lab.elf --thread_model hal --cpu_name nios2_gen2_0 --qsys true --simulation_enabled false --stderr_dev jtag_uart_0 --stdin_dev jtag_uart_0 --stdout_dev jtag_uart_0 --sopc_system_name soc_system --quartus_project_dir "C:/Users/osour/Desktop/EmbSys/Lab4/LAB4.2/hw/quartus" --jdi ../..//output_files/ES_mini_project_TRDB_D5M_LT24.jdi --sopcinfo C:/Users/osour/Desktop/EmbSys/Lab4/LAB4.2/hw/quartus/software/lab_bsp/../../soc_system.sopcinfo
Info: (lab.elf) 73 KBytes program size (code + initialized data).
Info:           47 KBytes free for stack + heap.
Info: Creating lab.objdump
nios2-elf-objdump --disassemble --syms --all-header --source lab.elf >lab.objdump
[lab build complete]
00:16:11 **** Incremental Build of configuration Nios II for project lab_bsp ****
make all 
[BSP build complete]
00:16:21 **** Incremental Build of configuration Nios II for project lab ****
make all 
Info: Building ../lab_bsp/
C:/intelFPGA_lite/18.1/nios2eds/bin/gnu/H-x86_64-mingw32/bin/make --no-print-directory -C ../lab_bsp/
[BSP build complete]
[lab build complete]
00:17:09 **** Incremental Build of configuration Nios II for project lab ****
make all 
Info: Building ../lab_bsp/
C:/intelFPGA_lite/18.1/nios2eds/bin/gnu/H-x86_64-mingw32/bin/make --no-print-directory -C ../lab_bsp/
[BSP build complete]
[lab build complete]
10:56:19 **** Incremental Build of configuration Nios II for project lab ****
make all 
Info: Building ../lab_bsp/
C:/intelFPGA_lite/18.1/nios2eds/bin/gnu/H-x86_64-mingw32/bin/make --no-print-directory -C ../lab_bsp/
[BSP build complete]
[lab build complete]
10:56:20 **** Incremental Build of configuration Nios II for project lab_bsp ****
make all 
[BSP build complete]
10:56:37 **** Incremental Build of configuration Nios II for project lab ****
make all 
Info: Building ../lab_bsp/
C:/intelFPGA_lite/18.1/nios2eds/bin/gnu/H-x86_64-mingw32/bin/make --no-print-directory -C ../lab_bsp/
[BSP build complete]
[lab build complete]
11:09:26 **** Incremental Build of configuration Nios II for project lab ****
make all 
Info: Building ../lab_bsp/
C:/intelFPGA_lite/18.1/nios2eds/bin/gnu/H-x86_64-mingw32/bin/make --no-print-directory -C ../lab_bsp/
[BSP build complete]
Info: Compiling hello_world.c to obj/default/hello_world.o
nios2-elf-gcc -xc -MP -MMD -c -I../lab_bsp//HAL/inc -I../lab_bsp/ -I../lab_bsp//drivers/inc  -pipe -D__hal__ -DALT_NO_INSTRUCTION_EMULATION -DALT_SINGLE_THREADED    -O0 -g -Wall   -mno-hw-div -mno-hw-mul -mno-hw-mulx -mgpopt=global  -o obj/default/hello_world.o hello_world.c
hello_world.c: In function 'main':
hello_world.c:134:2: warning: implicit declaration of function 'delay' [-Wimplicit-function-declaration]
  delay(1000);
  ^
Info: Linking lab.elf
nios2-elf-g++  -T'../lab_bsp//linker.x' -msys-crt0='../lab_bsp//obj/HAL/src/crt0.o' -msys-lib=hal_bsp -L../lab_bsp/   -Wl,-Map=lab.map   -O0 -g -Wall   -mno-hw-div -mno-hw-mul -mno-hw-mulx -mgpopt=global  -o lab.elf obj/default/hello_world.o -lm -msys-lib=m
obj/default/hello_world.o: In function `main':
C:\Users\osour\Desktop\EmbSys\Lab4\LAB4.2\hw\quartus\software\lab/hello_world.c:134: undefined reference to `delay'
C:\Users\osour\Desktop\EmbSys\Lab4\LAB4.2\hw\quartus\software\lab/hello_world.c:134:(.text+0x73c): relocation truncated to fit: R_NIOS2_CALL26 against `delay'
collect2.exe: error: ld returned 1 exit status
make: *** [lab.elf] Error 1
make: *** Deleting file `lab.elf'
make: unlink: lab.elf: Permission denied
11:09:28 **** Incremental Build of configuration Nios II for project lab_bsp ****
make all 
[BSP build complete]
11:09:45 **** Incremental Build of configuration Nios II for project lab ****
make all 
Info: Building ../lab_bsp/
C:/intelFPGA_lite/18.1/nios2eds/bin/gnu/H-x86_64-mingw32/bin/make --no-print-directory -C ../lab_bsp/
[BSP build complete]
Info: Compiling hello_world.c to obj/default/hello_world.o
nios2-elf-gcc -xc -MP -MMD -c -I../lab_bsp//HAL/inc -I../lab_bsp/ -I../lab_bsp//drivers/inc  -pipe -D__hal__ -DALT_NO_INSTRUCTION_EMULATION -DALT_SINGLE_THREADED    -O0 -g -Wall   -mno-hw-div -mno-hw-mul -mno-hw-mulx -mgpopt=global  -o obj/default/hello_world.o hello_world.c
Info: Linking lab.elf
nios2-elf-g++  -T'../lab_bsp//linker.x' -msys-crt0='../lab_bsp//obj/HAL/src/crt0.o' -msys-lib=hal_bsp -L../lab_bsp/   -Wl,-Map=lab.map   -O0 -g -Wall   -mno-hw-div -mno-hw-mul -mno-hw-mulx -mgpopt=global  -o lab.elf obj/default/hello_world.o -lm -msys-lib=m
nios2-elf-insert lab.elf --thread_model hal --cpu_name nios2_gen2_0 --qsys true --simulation_enabled false --stderr_dev jtag_uart_0 --stdin_dev jtag_uart_0 --stdout_dev jtag_uart_0 --sopc_system_name soc_system --quartus_project_dir "C:/Users/osour/Desktop/EmbSys/Lab4/LAB4.2/hw/quartus" --jdi ../..//output_files/ES_mini_project_TRDB_D5M_LT24.jdi --sopcinfo C:/Users/osour/Desktop/EmbSys/Lab4/LAB4.2/hw/quartus/software/lab_bsp/../../soc_system.sopcinfo
Info: (lab.elf) 32 KBytes program size (code + initialized data).
Info:           88 KBytes free for stack + heap.
Info: Creating lab.objdump
nios2-elf-objdump --disassemble --syms --all-header --source lab.elf >lab.objdump
[lab build complete]
11:09:46 **** Incremental Build of configuration Nios II for project lab_bsp ****
make all 
[BSP build complete]
11:09:55 **** Incremental Build of configuration Nios II for project lab ****
make all 
Info: Building ../lab_bsp/
C:/intelFPGA_lite/18.1/nios2eds/bin/gnu/H-x86_64-mingw32/bin/make --no-print-directory -C ../lab_bsp/
[BSP build complete]
[lab build complete]
11:11:31 **** Incremental Build of configuration Nios II for project lab ****
make all 
Info: Building ../lab_bsp/
C:/intelFPGA_lite/18.1/nios2eds/bin/gnu/H-x86_64-mingw32/bin/make --no-print-directory -C ../lab_bsp/
[BSP build complete]
[lab build complete]
11:17:17 **** Incremental Build of configuration Nios II for project lab ****
make all 
Info: Building ../lab_bsp/
C:/intelFPGA_lite/18.1/nios2eds/bin/gnu/H-x86_64-mingw32/bin/make --no-print-directory -C ../lab_bsp/
[BSP build complete]
[lab build complete]
11:18:08 **** Incremental Build of configuration Nios II for project lab ****
make all 
Info: Building ../lab_bsp/
C:/intelFPGA_lite/18.1/nios2eds/bin/gnu/H-x86_64-mingw32/bin/make --no-print-directory -C ../lab_bsp/
[BSP build complete]
[lab build complete]
11:45:45 **** Incremental Build of configuration Nios II for project lab ****
make all 
Info: Building ../lab_bsp/
C:/intelFPGA_lite/18.1/nios2eds/bin/gnu/H-x86_64-mingw32/bin/make --no-print-directory -C ../lab_bsp/
[BSP build complete]
[lab build complete]
11:45:46 **** Incremental Build of configuration Nios II for project lab_bsp ****
make all 
[BSP build complete]
11:45:57 **** Incremental Build of configuration Nios II for project lab ****
make all 
Info: Building ../lab_bsp/
C:/intelFPGA_lite/18.1/nios2eds/bin/gnu/H-x86_64-mingw32/bin/make --no-print-directory -C ../lab_bsp/
[BSP build complete]
Info: Compiling hello_world.c to obj/default/hello_world.o
nios2-elf-gcc -xc -MP -MMD -c -I../lab_bsp//HAL/inc -I../lab_bsp/ -I../lab_bsp//drivers/inc  -pipe -D__hal__ -DALT_NO_INSTRUCTION_EMULATION -DALT_SINGLE_THREADED    -O0 -g -Wall   -mno-hw-div -mno-hw-mul -mno-hw-mulx -mgpopt=global  -o obj/default/hello_world.o hello_world.c
Info: Linking lab.elf
nios2-elf-g++  -T'../lab_bsp//linker.x' -msys-crt0='../lab_bsp//obj/HAL/src/crt0.o' -msys-lib=hal_bsp -L../lab_bsp/   -Wl,-Map=lab.map   -O0 -g -Wall   -mno-hw-div -mno-hw-mul -mno-hw-mulx -mgpopt=global  -o lab.elf obj/default/hello_world.o -lm -msys-lib=m
nios2-elf-insert lab.elf --thread_model hal --cpu_name nios2_gen2_0 --qsys true --simulation_enabled false --stderr_dev jtag_uart_0 --stdin_dev jtag_uart_0 --stdout_dev jtag_uart_0 --sopc_system_name soc_system --quartus_project_dir "C:/Users/osour/Desktop/EmbSys/Lab4/LAB4.2/hw/quartus" --jdi ../..//output_files/ES_mini_project_TRDB_D5M_LT24.jdi --sopcinfo C:/Users/osour/Desktop/EmbSys/Lab4/LAB4.2/hw/quartus/software/lab_bsp/../../soc_system.sopcinfo
Info: (lab.elf) 32 KBytes program size (code + initialized data).
Info:           88 KBytes free for stack + heap.
Info: Creating lab.objdump
nios2-elf-objdump --disassemble --syms --all-header --source lab.elf >lab.objdump
[lab build complete]
12:33:50 **** Incremental Build of configuration Nios II for project lab ****
make all 
Info: Building ../lab_bsp/
C:/intelFPGA_lite/18.1/nios2eds/bin/gnu/H-x86_64-mingw32/bin/make --no-print-directory -C ../lab_bsp/
[BSP build complete]
Info: Compiling hello_world.c to obj/default/hello_world.o
nios2-elf-gcc -xc -MP -MMD -c -I../lab_bsp//HAL/inc -I../lab_bsp/ -I../lab_bsp//drivers/inc  -pipe -D__hal__ -DALT_NO_INSTRUCTION_EMULATION -DALT_SINGLE_THREADED    -O0 -g -Wall   -mno-hw-div -mno-hw-mul -mno-hw-mulx -mgpopt=global  -o obj/default/hello_world.o hello_world.c
hello_world.c: In function 'main':
hello_world.c:140:11: warning: unused variable 'image_size' [-Wunused-variable]
  uint32_t image_size = 320 * 240 * sizeof(uint16_t);
           ^
Info: Linking lab.elf
nios2-elf-g++  -T'../lab_bsp//linker.x' -msys-crt0='../lab_bsp//obj/HAL/src/crt0.o' -msys-lib=hal_bsp -L../lab_bsp/   -Wl,-Map=lab.map   -O0 -g -Wall   -mno-hw-div -mno-hw-mul -mno-hw-mulx -mgpopt=global  -o lab.elf obj/default/hello_world.o -lm -msys-lib=m
nios2-elf-insert lab.elf --thread_model hal --cpu_name nios2_gen2_0 --qsys true --simulation_enabled false --stderr_dev jtag_uart_0 --stdin_dev jtag_uart_0 --stdout_dev jtag_uart_0 --sopc_system_name soc_system --quartus_project_dir "C:/Users/osour/Desktop/EmbSys/Lab4/LAB4.2/hw/quartus" --jdi ../..//output_files/ES_mini_project_TRDB_D5M_LT24.jdi --sopcinfo C:/Users/osour/Desktop/EmbSys/Lab4/LAB4.2/hw/quartus/software/lab_bsp/../../soc_system.sopcinfo
Info: (lab.elf) 32 KBytes program size (code + initialized data).
Info:           88 KBytes free for stack + heap.
Info: Creating lab.objdump
nios2-elf-objdump --disassemble --syms --all-header --source lab.elf >lab.objdump
[lab build complete]
12:34:08 **** Incremental Build of configuration Nios II for project lab ****
make all 
Info: Building ../lab_bsp/
C:/intelFPGA_lite/18.1/nios2eds/bin/gnu/H-x86_64-mingw32/bin/make --no-print-directory -C ../lab_bsp/
[BSP build complete]
[lab build complete]
12:34:08 **** Incremental Build of configuration Nios II for project lab_bsp ****
make all 
[BSP build complete]
12:35:34 **** Incremental Build of configuration Nios II for project lab ****
make all 
Info: Building ../lab_bsp/
C:/intelFPGA_lite/18.1/nios2eds/bin/gnu/H-x86_64-mingw32/bin/make --no-print-directory -C ../lab_bsp/
[BSP build complete]
[lab build complete]
12:35:35 **** Incremental Build of configuration Nios II for project lab_bsp ****
make all 
[BSP build complete]
12:35:57 **** Incremental Build of configuration Nios II for project lab ****
make all 
Info: Building ../lab_bsp/
C:/intelFPGA_lite/18.1/nios2eds/bin/gnu/H-x86_64-mingw32/bin/make --no-print-directory -C ../lab_bsp/
[BSP build complete]
[lab build complete]
12:38:02 **** Incremental Build of configuration Nios II for project lab ****
make all 
Info: Building ../lab_bsp/
C:/intelFPGA_lite/18.1/nios2eds/bin/gnu/H-x86_64-mingw32/bin/make --no-print-directory -C ../lab_bsp/
[BSP build complete]
[lab build complete]
12:49:47 **** Incremental Build of configuration Nios II for project lab ****
make all 
Info: Building ../lab_bsp/
C:/intelFPGA_lite/18.1/nios2eds/bin/gnu/H-x86_64-mingw32/bin/make --no-print-directory -C ../lab_bsp/
[BSP build complete]
Info: Compiling hello_world.c to obj/default/hello_world.o
nios2-elf-gcc -xc -MP -MMD -c -I../lab_bsp//HAL/inc -I../lab_bsp/ -I../lab_bsp//drivers/inc  -pipe -D__hal__ -DALT_NO_INSTRUCTION_EMULATION -DALT_SINGLE_THREADED    -O0 -g -Wall   -mno-hw-div -mno-hw-mul -mno-hw-mulx -mgpopt=global  -o obj/default/hello_world.o hello_world.c
hello_world.c: In function 'main':
hello_world.c:140:11: warning: unused variable 'image_size' [-Wunused-variable]
  uint32_t image_size = 320 * 240 * sizeof(uint16_t);
           ^
Info: Linking lab.elf
nios2-elf-g++  -T'../lab_bsp//linker.x' -msys-crt0='../lab_bsp//obj/HAL/src/crt0.o' -msys-lib=hal_bsp -L../lab_bsp/   -Wl,-Map=lab.map   -O0 -g -Wall   -mno-hw-div -mno-hw-mul -mno-hw-mulx -mgpopt=global  -o lab.elf obj/default/hello_world.o -lm -msys-lib=m
nios2-elf-insert lab.elf --thread_model hal --cpu_name nios2_gen2_0 --qsys true --simulation_enabled false --stderr_dev jtag_uart_0 --stdin_dev jtag_uart_0 --stdout_dev jtag_uart_0 --sopc_system_name soc_system --quartus_project_dir "C:/Users/osour/Desktop/EmbSys/Lab4/LAB4.2/hw/quartus" --jdi ../..//output_files/ES_mini_project_TRDB_D5M_LT24.jdi --sopcinfo C:/Users/osour/Desktop/EmbSys/Lab4/LAB4.2/hw/quartus/software/lab_bsp/../../soc_system.sopcinfo
Info: (lab.elf) 32 KBytes program size (code + initialized data).
Info:           88 KBytes free for stack + heap.
Info: Creating lab.objdump
nios2-elf-objdump --disassemble --syms --all-header --source lab.elf >lab.objdump
[lab build complete]
13:41:32 **** Incremental Build of configuration Nios II for project lab ****
make all 
Info: Building ../lab_bsp/
C:/intelFPGA_lite/18.1/nios2eds/bin/gnu/H-x86_64-mingw32/bin/make --no-print-directory -C ../lab_bsp/
[BSP build complete]
[lab build complete]
13:41:32 **** Incremental Build of configuration Nios II for project lab_bsp ****
make all 
[BSP build complete]
13:41:35 **** Incremental Build of configuration Nios II for project lab ****
make all 
Info: Building ../lab_bsp/
C:/intelFPGA_lite/18.1/nios2eds/bin/gnu/H-x86_64-mingw32/bin/make --no-print-directory -C ../lab_bsp/
[BSP build complete]
[lab build complete]
13:41:36 **** Incremental Build of configuration Nios II for project lab_bsp ****
make all 
[BSP build complete]
13:41:51 **** Incremental Build of configuration Nios II for project lab ****
make all 
Info: Building ../lab_bsp/
C:/intelFPGA_lite/18.1/nios2eds/bin/gnu/H-x86_64-mingw32/bin/make --no-print-directory -C ../lab_bsp/
[BSP build complete]
[lab build complete]
13:42:25 **** Incremental Build of configuration Nios II for project lab ****
make all 
Info: Building ../lab_bsp/
C:/intelFPGA_lite/18.1/nios2eds/bin/gnu/H-x86_64-mingw32/bin/make --no-print-directory -C ../lab_bsp/
[BSP build complete]
[lab build complete]
13:42:43 **** Incremental Build of configuration Nios II for project lab ****
make all 
Info: Building ../lab_bsp/
C:/intelFPGA_lite/18.1/nios2eds/bin/gnu/H-x86_64-mingw32/bin/make --no-print-directory -C ../lab_bsp/
[BSP build complete]
[lab build complete]
13:42:58 **** Incremental Build of configuration Nios II for project lab ****
make all 
Info: Building ../lab_bsp/
C:/intelFPGA_lite/18.1/nios2eds/bin/gnu/H-x86_64-mingw32/bin/make --no-print-directory -C ../lab_bsp/
[BSP build complete]
Info: Compiling hello_world.c to obj/default/hello_world.o
nios2-elf-gcc -xc -MP -MMD -c -I../lab_bsp//HAL/inc -I../lab_bsp/ -I../lab_bsp//drivers/inc  -pipe -D__hal__ -DALT_NO_INSTRUCTION_EMULATION -DALT_SINGLE_THREADED    -O0 -g -Wall   -mno-hw-div -mno-hw-mul -mno-hw-mulx -mgpopt=global  -o obj/default/hello_world.o hello_world.c
hello_world.c: In function 'main':
hello_world.c:140:11: warning: unused variable 'image_size' [-Wunused-variable]
  uint32_t image_size = 320 * 240 * sizeof(uint16_t);
           ^
Info: Linking lab.elf
nios2-elf-g++  -T'../lab_bsp//linker.x' -msys-crt0='../lab_bsp//obj/HAL/src/crt0.o' -msys-lib=hal_bsp -L../lab_bsp/   -Wl,-Map=lab.map   -O0 -g -Wall   -mno-hw-div -mno-hw-mul -mno-hw-mulx -mgpopt=global  -o lab.elf obj/default/hello_world.o -lm -msys-lib=m
nios2-elf-insert lab.elf --thread_model hal --cpu_name nios2_gen2_0 --qsys true --simulation_enabled false --stderr_dev jtag_uart_0 --stdin_dev jtag_uart_0 --stdout_dev jtag_uart_0 --sopc_system_name soc_system --quartus_project_dir "C:/Users/osour/Desktop/EmbSys/Lab4/LAB4.2/hw/quartus" --jdi ../..//output_files/ES_mini_project_TRDB_D5M_LT24.jdi --sopcinfo C:/Users/osour/Desktop/EmbSys/Lab4/LAB4.2/hw/quartus/software/lab_bsp/../../soc_system.sopcinfo
Info: (lab.elf) 32 KBytes program size (code + initialized data).
Info:           88 KBytes free for stack + heap.
Info: Creating lab.objdump
nios2-elf-objdump --disassemble --syms --all-header --source lab.elf >lab.objdump
[lab build complete]
13:43:00 **** Incremental Build of configuration Nios II for project lab_bsp ****
make all 
[BSP build complete]
13:43:14 **** Incremental Build of configuration Nios II for project lab ****
make all 
Info: Building ../lab_bsp/
C:/intelFPGA_lite/18.1/nios2eds/bin/gnu/H-x86_64-mingw32/bin/make --no-print-directory -C ../lab_bsp/
[BSP build complete]
[lab build complete]
13:44:30 **** Incremental Build of configuration Nios II for project lab ****
make all 
Info: Building ../lab_bsp/
C:/intelFPGA_lite/18.1/nios2eds/bin/gnu/H-x86_64-mingw32/bin/make --no-print-directory -C ../lab_bsp/
[BSP build complete]
[lab build complete]
13:44:31 **** Incremental Build of configuration Nios II for project lab_bsp ****
make all 
[BSP build complete]
13:44:47 **** Incremental Build of configuration Nios II for project lab ****
make all 
Info: Building ../lab_bsp/
C:/intelFPGA_lite/18.1/nios2eds/bin/gnu/H-x86_64-mingw32/bin/make --no-print-directory -C ../lab_bsp/
[BSP build complete]
[lab build complete]
