Flow report for DE2_115
Fri Jun 20 18:13:41 2014
Quartus II 64-Bit Version 13.1.4 Build 182 03/12/2014 SJ Full Version


---------------------
; Table of Contents ;
---------------------
  1. Legal Notice
  2. Flow Summary
  3. Flow Settings
  4. Flow Non-Default Global Settings
  5. Flow Elapsed Time
  6. Flow OS Summary
  7. Flow Log
  8. Flow Messages
  9. Flow Suppressed Messages



----------------
; Legal Notice ;
----------------
Copyright (C) 1991-2014 Altera Corporation
Your use of Altera Corporation's design tools, logic functions 
and other software and tools, and its AMPP partner logic 
functions, and any output files from any of the foregoing 
(including device programming or simulation files), and any 
associated documentation or information are expressly subject 
to the terms and conditions of the Altera Program License 
Subscription Agreement, Altera MegaCore Function License 
Agreement, or other applicable license agreement, including, 
without limitation, that your use is for the sole purpose of 
programming logic devices manufactured by Altera and sold by 
Altera or its authorized distributors.  Please refer to the 
applicable agreement for further details.



+----------------------------------------------------------------------------------+
; Flow Summary                                                                     ;
+------------------------------------+---------------------------------------------+
; Flow Status                        ; Successful - Fri Jun 20 18:13:32 2014       ;
; Quartus II 64-Bit Version          ; 13.1.4 Build 182 03/12/2014 SJ Full Version ;
; Revision Name                      ; DE2_115                                     ;
; Top-level Entity Name              ; DE2_115                                     ;
; Family                             ; Cyclone IV E                                ;
; Device                             ; EP4CE115F29C7                               ;
; Timing Models                      ; Final                                       ;
; Total logic elements               ; 5,097 / 114,480 ( 4 % )                     ;
;     Total combinational functions  ; 3,964 / 114,480 ( 3 % )                     ;
;     Dedicated logic registers      ; 3,429 / 114,480 ( 3 % )                     ;
; Total registers                    ; 3429                                        ;
; Total pins                         ; 435 / 529 ( 82 % )                          ;
; Total virtual pins                 ; 0                                           ;
; Total memory bits                  ; 2,304,128 / 3,981,312 ( 58 % )              ;
; Embedded Multiplier 9-bit elements ; 4 / 532 ( < 1 % )                           ;
; Total PLLs                         ; 1 / 4 ( 25 % )                              ;
+------------------------------------+---------------------------------------------+


+-----------------------------------------+
; Flow Settings                           ;
+-------------------+---------------------+
; Option            ; Setting             ;
+-------------------+---------------------+
; Start date & time ; 06/20/2014 18:12:02 ;
; Main task         ; Compilation         ;
; Revision Name     ; DE2_115             ;
+-------------------+---------------------+


+---------------------------------------------------------------------------------------------------------------------------------------------------------------------------------+
; Flow Non-Default Global Settings                                                                                                                                                ;
+-------------------------------------+-------------------------------------------------------------+---------------+------------------------------------------------+------------+
; Assignment Name                     ; Value                                                       ; Default Value ; Entity Name                                    ; Section Id ;
+-------------------------------------+-------------------------------------------------------------+---------------+------------------------------------------------+------------+
; COMPILER_SIGNATURE_ID               ; 128437433708178.140325912201920                             ; --            ; --                                             ; --         ;
; ENABLE_SIGNALTAP                    ; On                                                          ; --            ; --                                             ; --         ;
; IP_TOOL_ENV                         ; Qsys                                                        ; --            ; altera_avalon_sc_fifo                          ; --         ;
; IP_TOOL_ENV                         ; Qsys                                                        ; --            ; altera_avalon_st_handshake_clock_crosser       ; --         ;
; IP_TOOL_ENV                         ; Qsys                                                        ; --            ; altera_irq_clock_crosser                       ; --         ;
; IP_TOOL_ENV                         ; Qsys                                                        ; --            ; altera_merlin_master_agent                     ; --         ;
; IP_TOOL_ENV                         ; Qsys                                                        ; --            ; altera_merlin_master_translator                ; --         ;
; IP_TOOL_ENV                         ; Qsys                                                        ; --            ; altera_merlin_slave_agent                      ; --         ;
; IP_TOOL_ENV                         ; Qsys                                                        ; --            ; altera_merlin_slave_translator                 ; --         ;
; IP_TOOL_ENV                         ; Qsys                                                        ; --            ; altera_merlin_traffic_limiter                  ; --         ;
; IP_TOOL_ENV                         ; Qsys                                                        ; --            ; altera_reset_controller                        ; --         ;
; IP_TOOL_ENV                         ; Qsys                                                        ; --            ; lt24_qsys                                      ; --         ;
; IP_TOOL_ENV                         ; Qsys                                                        ; --            ; lt24_qsys_LCD_RESET_N                          ; --         ;
; IP_TOOL_ENV                         ; Qsys                                                        ; --            ; lt24_qsys_altpll_sys                           ; --         ;
; IP_TOOL_ENV                         ; Qsys                                                        ; --            ; lt24_qsys_irq_mapper                           ; --         ;
; IP_TOOL_ENV                         ; Qsys                                                        ; --            ; lt24_qsys_jtag_uart                            ; --         ;
; IP_TOOL_ENV                         ; Qsys                                                        ; --            ; lt24_qsys_key                                  ; --         ;
; IP_TOOL_ENV                         ; Qsys                                                        ; --            ; lt24_qsys_mm_interconnect_0                    ; --         ;
; IP_TOOL_ENV                         ; Qsys                                                        ; --            ; lt24_qsys_mm_interconnect_0_addr_router        ; --         ;
; IP_TOOL_ENV                         ; Qsys                                                        ; --            ; lt24_qsys_mm_interconnect_0_addr_router_001    ; --         ;
; IP_TOOL_ENV                         ; Qsys                                                        ; --            ; lt24_qsys_mm_interconnect_0_cmd_xbar_demux     ; --         ;
; IP_TOOL_ENV                         ; Qsys                                                        ; --            ; lt24_qsys_mm_interconnect_0_cmd_xbar_demux_001 ; --         ;
; IP_TOOL_ENV                         ; Qsys                                                        ; --            ; lt24_qsys_mm_interconnect_0_cmd_xbar_mux       ; --         ;
; IP_TOOL_ENV                         ; Qsys                                                        ; --            ; lt24_qsys_mm_interconnect_0_cmd_xbar_mux_001   ; --         ;
; IP_TOOL_ENV                         ; Qsys                                                        ; --            ; lt24_qsys_mm_interconnect_0_cmd_xbar_mux_002   ; --         ;
; IP_TOOL_ENV                         ; Qsys                                                        ; --            ; lt24_qsys_mm_interconnect_0_cmd_xbar_mux_008   ; --         ;
; IP_TOOL_ENV                         ; Qsys                                                        ; --            ; lt24_qsys_mm_interconnect_0_id_router          ; --         ;
; IP_TOOL_ENV                         ; Qsys                                                        ; --            ; lt24_qsys_mm_interconnect_0_id_router_001      ; --         ;
; IP_TOOL_ENV                         ; Qsys                                                        ; --            ; lt24_qsys_mm_interconnect_0_id_router_002      ; --         ;
; IP_TOOL_ENV                         ; Qsys                                                        ; --            ; lt24_qsys_mm_interconnect_0_id_router_008      ; --         ;
; IP_TOOL_ENV                         ; Qsys                                                        ; --            ; lt24_qsys_mm_interconnect_0_rsp_xbar_demux     ; --         ;
; IP_TOOL_ENV                         ; Qsys                                                        ; --            ; lt24_qsys_mm_interconnect_0_rsp_xbar_demux_001 ; --         ;
; IP_TOOL_ENV                         ; Qsys                                                        ; --            ; lt24_qsys_mm_interconnect_0_rsp_xbar_demux_002 ; --         ;
; IP_TOOL_ENV                         ; Qsys                                                        ; --            ; lt24_qsys_mm_interconnect_0_rsp_xbar_demux_008 ; --         ;
; IP_TOOL_ENV                         ; Qsys                                                        ; --            ; lt24_qsys_mm_interconnect_0_rsp_xbar_mux       ; --         ;
; IP_TOOL_ENV                         ; Qsys                                                        ; --            ; lt24_qsys_mm_interconnect_0_rsp_xbar_mux_001   ; --         ;
; IP_TOOL_ENV                         ; Qsys                                                        ; --            ; lt24_qsys_nios2_qsys                           ; --         ;
; IP_TOOL_ENV                         ; Qsys                                                        ; --            ; lt24_qsys_onchip_memory                        ; --         ;
; IP_TOOL_ENV                         ; Qsys                                                        ; --            ; lt24_qsys_sysid_qsys                           ; --         ;
; IP_TOOL_ENV                         ; Qsys                                                        ; --            ; lt24_qsys_timer                                ; --         ;
; IP_TOOL_ENV                         ; Qsys                                                        ; --            ; lt24_qsys_touch_panel_busy                     ; --         ;
; IP_TOOL_ENV                         ; Qsys                                                        ; --            ; lt24_qsys_touch_panel_pen_irq_n                ; --         ;
; IP_TOOL_ENV                         ; Qsys                                                        ; --            ; lt24_qsys_touch_panel_spi                      ; --         ;
; IP_TOOL_NAME                        ; altera_avalon_sc_fifo                                       ; --            ; altera_avalon_sc_fifo                          ; --         ;
; IP_TOOL_NAME                        ; altera_avalon_st_handshake_clock_crosser                    ; --            ; altera_avalon_st_handshake_clock_crosser       ; --         ;
; IP_TOOL_NAME                        ; altera_irq_clock_crosser                                    ; --            ; altera_irq_clock_crosser                       ; --         ;
; IP_TOOL_NAME                        ; altera_merlin_master_agent                                  ; --            ; altera_merlin_master_agent                     ; --         ;
; IP_TOOL_NAME                        ; altera_merlin_master_translator                             ; --            ; altera_merlin_master_translator                ; --         ;
; IP_TOOL_NAME                        ; altera_merlin_slave_agent                                   ; --            ; altera_merlin_slave_agent                      ; --         ;
; IP_TOOL_NAME                        ; altera_merlin_slave_translator                              ; --            ; altera_merlin_slave_translator                 ; --         ;
; IP_TOOL_NAME                        ; altera_merlin_traffic_limiter                               ; --            ; altera_merlin_traffic_limiter                  ; --         ;
; IP_TOOL_NAME                        ; altera_reset_controller                                     ; --            ; altera_reset_controller                        ; --         ;
; IP_TOOL_NAME                        ; Qsys                                                        ; --            ; lt24_qsys                                      ; --         ;
; IP_TOOL_NAME                        ; altera_avalon_pio                                           ; --            ; lt24_qsys_LCD_RESET_N                          ; --         ;
; IP_TOOL_NAME                        ; altpll                                                      ; --            ; lt24_qsys_altpll_sys                           ; --         ;
; IP_TOOL_NAME                        ; altera_irq_mapper                                           ; --            ; lt24_qsys_irq_mapper                           ; --         ;
; IP_TOOL_NAME                        ; altera_avalon_jtag_uart                                     ; --            ; lt24_qsys_jtag_uart                            ; --         ;
; IP_TOOL_NAME                        ; altera_avalon_pio                                           ; --            ; lt24_qsys_key                                  ; --         ;
; IP_TOOL_NAME                        ; altera_merlin_interconnect_wrapper                          ; --            ; lt24_qsys_mm_interconnect_0                    ; --         ;
; IP_TOOL_NAME                        ; altera_merlin_router                                        ; --            ; lt24_qsys_mm_interconnect_0_addr_router        ; --         ;
; IP_TOOL_NAME                        ; altera_merlin_router                                        ; --            ; lt24_qsys_mm_interconnect_0_addr_router_001    ; --         ;
; IP_TOOL_NAME                        ; altera_merlin_demultiplexer                                 ; --            ; lt24_qsys_mm_interconnect_0_cmd_xbar_demux     ; --         ;
; IP_TOOL_NAME                        ; altera_merlin_demultiplexer                                 ; --            ; lt24_qsys_mm_interconnect_0_cmd_xbar_demux_001 ; --         ;
; IP_TOOL_NAME                        ; altera_merlin_multiplexer                                   ; --            ; lt24_qsys_mm_interconnect_0_cmd_xbar_mux       ; --         ;
; IP_TOOL_NAME                        ; altera_merlin_multiplexer                                   ; --            ; lt24_qsys_mm_interconnect_0_cmd_xbar_mux_001   ; --         ;
; IP_TOOL_NAME                        ; altera_merlin_multiplexer                                   ; --            ; lt24_qsys_mm_interconnect_0_cmd_xbar_mux_002   ; --         ;
; IP_TOOL_NAME                        ; altera_merlin_multiplexer                                   ; --            ; lt24_qsys_mm_interconnect_0_cmd_xbar_mux_008   ; --         ;
; IP_TOOL_NAME                        ; altera_merlin_router                                        ; --            ; lt24_qsys_mm_interconnect_0_id_router          ; --         ;
; IP_TOOL_NAME                        ; altera_merlin_router                                        ; --            ; lt24_qsys_mm_interconnect_0_id_router_001      ; --         ;
; IP_TOOL_NAME                        ; altera_merlin_router                                        ; --            ; lt24_qsys_mm_interconnect_0_id_router_002      ; --         ;
; IP_TOOL_NAME                        ; altera_merlin_router                                        ; --            ; lt24_qsys_mm_interconnect_0_id_router_008      ; --         ;
; IP_TOOL_NAME                        ; altera_merlin_demultiplexer                                 ; --            ; lt24_qsys_mm_interconnect_0_rsp_xbar_demux     ; --         ;
; IP_TOOL_NAME                        ; altera_merlin_demultiplexer                                 ; --            ; lt24_qsys_mm_interconnect_0_rsp_xbar_demux_001 ; --         ;
; IP_TOOL_NAME                        ; altera_merlin_demultiplexer                                 ; --            ; lt24_qsys_mm_interconnect_0_rsp_xbar_demux_002 ; --         ;
; IP_TOOL_NAME                        ; altera_merlin_demultiplexer                                 ; --            ; lt24_qsys_mm_interconnect_0_rsp_xbar_demux_008 ; --         ;
; IP_TOOL_NAME                        ; altera_merlin_multiplexer                                   ; --            ; lt24_qsys_mm_interconnect_0_rsp_xbar_mux       ; --         ;
; IP_TOOL_NAME                        ; altera_merlin_multiplexer                                   ; --            ; lt24_qsys_mm_interconnect_0_rsp_xbar_mux_001   ; --         ;
; IP_TOOL_NAME                        ; altera_nios2_qsys                                           ; --            ; lt24_qsys_nios2_qsys                           ; --         ;
; IP_TOOL_NAME                        ; altera_avalon_onchip_memory2                                ; --            ; lt24_qsys_onchip_memory                        ; --         ;
; IP_TOOL_NAME                        ; altera_avalon_sysid_qsys                                    ; --            ; lt24_qsys_sysid_qsys                           ; --         ;
; IP_TOOL_NAME                        ; altera_avalon_timer                                         ; --            ; lt24_qsys_timer                                ; --         ;
; IP_TOOL_NAME                        ; altera_avalon_pio                                           ; --            ; lt24_qsys_touch_panel_busy                     ; --         ;
; IP_TOOL_NAME                        ; altera_avalon_pio                                           ; --            ; lt24_qsys_touch_panel_pen_irq_n                ; --         ;
; IP_TOOL_NAME                        ; altera_avalon_spi                                           ; --            ; lt24_qsys_touch_panel_spi                      ; --         ;
; IP_TOOL_VERSION                     ; 13.1                                                        ; --            ; altera_avalon_sc_fifo                          ; --         ;
; IP_TOOL_VERSION                     ; 13.1                                                        ; --            ; altera_avalon_st_handshake_clock_crosser       ; --         ;
; IP_TOOL_VERSION                     ; 13.1                                                        ; --            ; altera_irq_clock_crosser                       ; --         ;
; IP_TOOL_VERSION                     ; 13.1                                                        ; --            ; altera_merlin_master_agent                     ; --         ;
; IP_TOOL_VERSION                     ; 13.1                                                        ; --            ; altera_merlin_master_translator                ; --         ;
; IP_TOOL_VERSION                     ; 13.1                                                        ; --            ; altera_merlin_slave_agent                      ; --         ;
; IP_TOOL_VERSION                     ; 13.1                                                        ; --            ; altera_merlin_slave_translator                 ; --         ;
; IP_TOOL_VERSION                     ; 13.1                                                        ; --            ; altera_merlin_traffic_limiter                  ; --         ;
; IP_TOOL_VERSION                     ; 13.1                                                        ; --            ; altera_reset_controller                        ; --         ;
; IP_TOOL_VERSION                     ; 13.1                                                        ; --            ; lt24_qsys                                      ; --         ;
; IP_TOOL_VERSION                     ; 13.1                                                        ; --            ; lt24_qsys_LCD_RESET_N                          ; --         ;
; IP_TOOL_VERSION                     ; 13.1                                                        ; --            ; lt24_qsys_altpll_sys                           ; --         ;
; IP_TOOL_VERSION                     ; 13.1                                                        ; --            ; lt24_qsys_irq_mapper                           ; --         ;
; IP_TOOL_VERSION                     ; 13.1                                                        ; --            ; lt24_qsys_jtag_uart                            ; --         ;
; IP_TOOL_VERSION                     ; 13.1                                                        ; --            ; lt24_qsys_key                                  ; --         ;
; IP_TOOL_VERSION                     ; 13.1                                                        ; --            ; lt24_qsys_mm_interconnect_0                    ; --         ;
; IP_TOOL_VERSION                     ; 13.1                                                        ; --            ; lt24_qsys_mm_interconnect_0_addr_router        ; --         ;
; IP_TOOL_VERSION                     ; 13.1                                                        ; --            ; lt24_qsys_mm_interconnect_0_addr_router_001    ; --         ;
; IP_TOOL_VERSION                     ; 13.1                                                        ; --            ; lt24_qsys_mm_interconnect_0_cmd_xbar_demux     ; --         ;
; IP_TOOL_VERSION                     ; 13.1                                                        ; --            ; lt24_qsys_mm_interconnect_0_cmd_xbar_demux_001 ; --         ;
; IP_TOOL_VERSION                     ; 13.1                                                        ; --            ; lt24_qsys_mm_interconnect_0_cmd_xbar_mux       ; --         ;
; IP_TOOL_VERSION                     ; 13.1                                                        ; --            ; lt24_qsys_mm_interconnect_0_cmd_xbar_mux_001   ; --         ;
; IP_TOOL_VERSION                     ; 13.1                                                        ; --            ; lt24_qsys_mm_interconnect_0_cmd_xbar_mux_002   ; --         ;
; IP_TOOL_VERSION                     ; 13.1                                                        ; --            ; lt24_qsys_mm_interconnect_0_cmd_xbar_mux_008   ; --         ;
; IP_TOOL_VERSION                     ; 13.1                                                        ; --            ; lt24_qsys_mm_interconnect_0_id_router          ; --         ;
; IP_TOOL_VERSION                     ; 13.1                                                        ; --            ; lt24_qsys_mm_interconnect_0_id_router_001      ; --         ;
; IP_TOOL_VERSION                     ; 13.1                                                        ; --            ; lt24_qsys_mm_interconnect_0_id_router_002      ; --         ;
; IP_TOOL_VERSION                     ; 13.1                                                        ; --            ; lt24_qsys_mm_interconnect_0_id_router_008      ; --         ;
; IP_TOOL_VERSION                     ; 13.1                                                        ; --            ; lt24_qsys_mm_interconnect_0_rsp_xbar_demux     ; --         ;
; IP_TOOL_VERSION                     ; 13.1                                                        ; --            ; lt24_qsys_mm_interconnect_0_rsp_xbar_demux_001 ; --         ;
; IP_TOOL_VERSION                     ; 13.1                                                        ; --            ; lt24_qsys_mm_interconnect_0_rsp_xbar_demux_002 ; --         ;
; IP_TOOL_VERSION                     ; 13.1                                                        ; --            ; lt24_qsys_mm_interconnect_0_rsp_xbar_demux_008 ; --         ;
; IP_TOOL_VERSION                     ; 13.1                                                        ; --            ; lt24_qsys_mm_interconnect_0_rsp_xbar_mux       ; --         ;
; IP_TOOL_VERSION                     ; 13.1                                                        ; --            ; lt24_qsys_mm_interconnect_0_rsp_xbar_mux_001   ; --         ;
; IP_TOOL_VERSION                     ; 13.1                                                        ; --            ; lt24_qsys_nios2_qsys                           ; --         ;
; IP_TOOL_VERSION                     ; 13.1                                                        ; --            ; lt24_qsys_onchip_memory                        ; --         ;
; IP_TOOL_VERSION                     ; 13.1                                                        ; --            ; lt24_qsys_sysid_qsys                           ; --         ;
; IP_TOOL_VERSION                     ; 13.1                                                        ; --            ; lt24_qsys_timer                                ; --         ;
; IP_TOOL_VERSION                     ; 13.1                                                        ; --            ; lt24_qsys_touch_panel_busy                     ; --         ;
; IP_TOOL_VERSION                     ; 13.1                                                        ; --            ; lt24_qsys_touch_panel_pen_irq_n                ; --         ;
; IP_TOOL_VERSION                     ; 13.1                                                        ; --            ; lt24_qsys_touch_panel_spi                      ; --         ;
; MISC_FILE                           ; lt24_qsys/synthesis/../../lt24_qsys.cmp                     ; --            ; --                                             ; --         ;
; MISC_FILE                           ; lt24_qsys/synthesis/../../lt24_qsys.qsys                    ; --            ; --                                             ; --         ;
; PARTITION_COLOR                     ; 16764057                                                    ; --            ; --                                             ; Top        ;
; PARTITION_FITTER_PRESERVATION_LEVEL ; PLACEMENT_AND_ROUTING                                       ; --            ; --                                             ; Top        ;
; PARTITION_NETLIST_TYPE              ; SOURCE                                                      ; --            ; --                                             ; Top        ;
; SLD_FILE                            ; lt24_qsys/synthesis/lt24_qsys.regmap                        ; --            ; --                                             ; --         ;
; SLD_FILE                            ; lt24_qsys/synthesis/lt24_qsys.debuginfo                     ; --            ; --                                             ; --         ;
; SLD_INFO                            ; QSYS_NAME lt24_qsys HAS_SOPCINFO 1 GENERATION_ID 1403259050 ; --            ; lt24_qsys                                      ; --         ;
; SMART_RECOMPILE                     ; On                                                          ; Off           ; --                                             ; --         ;
; SOPCINFO_FILE                       ; lt24_qsys/synthesis/../../lt24_qsys.sopcinfo                ; --            ; --                                             ; --         ;
; SYNTHESIS_ONLY_QIP                  ; On                                                          ; --            ; --                                             ; --         ;
; USE_SIGNALTAP_FILE                  ; IP/LT24_Controller/stp1.stp                                 ; --            ; --                                             ; --         ;
+-------------------------------------+-------------------------------------------------------------+---------------+------------------------------------------------+------------+


+-------------------------------------------------------------------------------------------------------------------------------+
; Flow Elapsed Time                                                                                                             ;
+---------------------------+--------------+-------------------------+---------------------+------------------------------------+
; Module Name               ; Elapsed Time ; Average Processors Used ; Peak Virtual Memory ; Total CPU Time (on all processors) ;
+---------------------------+--------------+-------------------------+---------------------+------------------------------------+
; Analysis & Synthesis      ; 00:00:28     ; 1.0                     ; 730 MB              ; 00:00:26                           ;
; Fitter                    ; 00:00:49     ; 2.0                     ; 1591 MB             ; 00:01:07                           ;
; Assembler                 ; 00:00:07     ; 1.0                     ; 526 MB              ; 00:00:05                           ;
; TimeQuest Timing Analyzer ; 00:00:08     ; 1.6                     ; 696 MB              ; 00:00:09                           ;
; Total                     ; 00:01:32     ; --                      ; --                  ; 00:01:47                           ;
+---------------------------+--------------+-------------------------+---------------------+------------------------------------+


+----------------------------------------------------------------------------------------+
; Flow OS Summary                                                                        ;
+---------------------------+------------------+-----------+------------+----------------+
; Module Name               ; Machine Hostname ; OS Name   ; OS Version ; Processor type ;
+---------------------------+------------------+-----------+------------+----------------+
; Analysis & Synthesis      ; Nick             ; Windows 7 ; 6.1        ; x86_64         ;
; Fitter                    ; Nick             ; Windows 7 ; 6.1        ; x86_64         ;
; Assembler                 ; Nick             ; Windows 7 ; 6.1        ; x86_64         ;
; TimeQuest Timing Analyzer ; Nick             ; Windows 7 ; 6.1        ; x86_64         ;
+---------------------------+------------------+-----------+------------+----------------+


------------
; Flow Log ;
------------
quartus_map --read_settings_files=on --write_settings_files=off DE2_115 -c DE2_115
quartus_fit --read_settings_files=off --write_settings_files=off DE2_115 -c DE2_115
quartus_asm --read_settings_files=off --write_settings_files=off DE2_115 -c DE2_115
quartus_sta DE2_115 -c DE2_115



