
**** Build of configuration Nios II for project LT24_Test ****

make all 
Info: Building ../LT24_Test_bsp/
make --no-print-directory -C ../LT24_Test_bsp/
[BSP build complete]
Info: Compiling fonts/tahomabold_20.c to obj/default/fonts/tahomabold_20.o
nios2-elf-gcc -xc -MP -MMD -c -I../LT24_Test_bsp//HAL/inc -I../LT24_Test_bsp/ -I../LT24_Test_bsp//drivers/inc -Ifonts -Igraphic_lib -Iterasic_lib  -DSYSTEM_BUS_WIDTH=32 -pipe -D__hal__ -DALT_NO_INSTRUCTION_EMULATION -DALT_SINGLE_THREADED    -O0 -g -Wall   -mno-hw-div -mhw-mul -mno-hw-mulx  -o obj/default/fonts/tahomabold_20.o fonts/tahomabold_20.c
Info: Compiling fonts/tahomabold_32.c to obj/default/fonts/tahomabold_32.o
nios2-elf-gcc -xc -MP -MMD -c -I../LT24_Test_bsp//HAL/inc -I../LT24_Test_bsp/ -I../LT24_Test_bsp//drivers/inc -Ifonts -Igraphic_lib -Iterasic_lib  -DSYSTEM_BUS_WIDTH=32 -pipe -D__hal__ -DALT_NO_INSTRUCTION_EMULATION -DALT_SINGLE_THREADED    -O0 -g -Wall   -mno-hw-div -mhw-mul -mno-hw-mulx  -o obj/default/fonts/tahomabold_32.o fonts/tahomabold_32.c
Info: Compiling geometry.c to obj/default/geometry.o
nios2-elf-gcc -xc -MP -MMD -c -I../LT24_Test_bsp//HAL/inc -I../LT24_Test_bsp/ -I../LT24_Test_bsp//drivers/inc -Ifonts -Igraphic_lib -Iterasic_lib  -DSYSTEM_BUS_WIDTH=32 -pipe -D__hal__ -DALT_NO_INSTRUCTION_EMULATION -DALT_SINGLE_THREADED    -O0 -g -Wall   -mno-hw-div -mhw-mul -mno-hw-mulx  -o obj/default/geometry.o geometry.c
geometry.c: In function 'PtDistance':
geometry.c:64:5: warning: implicit declaration of function 'sqrt' [-Wimplicit-function-declaration]
geometry.c:64:17: warning: incompatible implicit declaration of built-in function 'sqrt' [enabled by default]
Info: Compiling graphic_lib/ILI9341.c to obj/default/graphic_lib/ILI9341.o
nios2-elf-gcc -xc -MP -MMD -c -I../LT24_Test_bsp//HAL/inc -I../LT24_Test_bsp/ -I../LT24_Test_bsp//drivers/inc -Ifonts -Igraphic_lib -Iterasic_lib  -DSYSTEM_BUS_WIDTH=32 -pipe -D__hal__ -DALT_NO_INSTRUCTION_EMULATION -DALT_SINGLE_THREADED    -O0 -g -Wall   -mno-hw-div -mhw-mul -mno-hw-mulx  -o obj/default/graphic_lib/ILI9341.o graphic_lib/ILI9341.c
graphic_lib/ILI9341.c: In function 'LCD_Init':
graphic_lib/ILI9341.c:83:16: warning: unused variable 'data4' [-Wunused-variable]
graphic_lib/ILI9341.c:83:10: warning: unused variable 'data3' [-Wunused-variable]
graphic_lib/ILI9341.c:82:16: warning: unused variable 'data2' [-Wunused-variable]
Info: Compiling graphic_lib/simple_graphics.c to obj/default/graphic_lib/simple_graphics.o
graphic_lib/ILI9341.c:82:10: warning: unused variable 'data1' [-Wunused-variable]
nios2-elf-gcc -xc -MP -MMD -c -I../LT24_Test_bsp//HAL/inc -I../LT24_Test_bsp/ -I../LT24_Test_bsp//drivers/inc -Ifonts -Igraphic_lib -Iterasic_lib  -DSYSTEM_BUS_WIDTH=32 -pipe -D__hal__ -DALT_NO_INSTRUCTION_EMULATION -DALT_SINGLE_THREADED    -O0 -g -Wall   -mno-hw-div -mhw-mul -mno-hw-mulx  -o obj/default/graphic_lib/simple_graphics.o graphic_lib/simple_graphics.c
graphic_lib/simple_graphics.c: In function 'vid_copy_line_to_frame_buffer':
graphic_lib/simple_graphics.c:623:1: warning: control reaches end of non-void function [-Wreturn-type]
graphic_lib/simple_graphics.c: In function 'vid_get_pixel':
graphic_lib/simple_graphics.c:361:1: warning: control reaches end of non-void function [-Wreturn-type]
Info: Compiling graphic_lib/simple_text.c to obj/default/graphic_lib/simple_text.o
nios2-elf-gcc -xc -MP -MMD -c -I../LT24_Test_bsp//HAL/inc -I../LT24_Test_bsp/ -I../LT24_Test_bsp//drivers/inc -Ifonts -Igraphic_lib -Iterasic_lib  -DSYSTEM_BUS_WIDTH=32 -pipe -D__hal__ -DALT_NO_INSTRUCTION_EMULATION -DALT_SINGLE_THREADED    -O0 -g -Wall   -mno-hw-div -mhw-mul -mno-hw-mulx  -o obj/default/graphic_lib/simple_text.o graphic_lib/simple_text.c
graphic_lib/simple_text.c: In function 'vid_print_char_alpha':
Info: Compiling gui.c to obj/default/gui.o
graphic_lib/simple_text.c:294:3: warning: pointer targets in passing argument 2 of 'seperate_color_channels' differ in signedness [-Wpointer-sign]
graphic_lib/simple_text.c:83:16: note: expected 'unsigned char *' but argument is of type 'char *'
graphic_lib/simple_text.c:306:7: warning: pointer targets in passing argument 5 of 'merge_color_channels' differ in signedness [-Wpointer-sign]
nios2-elf-gcc -xc -MP -MMD -c -I../LT24_Test_bsp//HAL/inc -I../LT24_Test_bsp/ -I../LT24_Test_bsp//drivers/inc -Ifonts -Igraphic_lib -Iterasic_lib  -DSYSTEM_BUS_WIDTH=32 -pipe -D__hal__ -DALT_NO_INSTRUCTION_EMULATION -DALT_SINGLE_THREADED    -O0 -g -Wall   -mno-hw-div -mhw-mul -mno-hw-mulx  -o obj/default/gui.o gui.c
graphic_lib/simple_text.c:127:16: note: expected 'unsigned char *' but argument is of type 'char *'
graphic_lib/simple_text.c: In function 'read_from_frame':
graphic_lib/simple_text.c:216:1: warning: control reaches end of non-void function [-Wreturn-type]
Info: Compiling gui_vpg.c to obj/default/gui_vpg.o
nios2-elf-gcc -xc -MP -MMD -c -I../LT24_Test_bsp//HAL/inc -I../LT24_Test_bsp/ -I../LT24_Test_bsp//drivers/inc -Ifonts -Igraphic_lib -Iterasic_lib  -DSYSTEM_BUS_WIDTH=32 -pipe -D__hal__ -DALT_NO_INSTRUCTION_EMULATION -DALT_SINGLE_THREADED    -O0 -g -Wall   -mno-hw-div -mhw-mul -mno-hw-mulx  -o obj/default/gui_vpg.o gui_vpg.c
gui_vpg.c: In function 'VPG_ColorPanel':
gui_vpg.c:73:5: warning: format '%x' expects argument of type 'unsigned int', but argument 3 has type 'alt_u32' [-Wformat]
gui_vpg.c:73:5: warning: format '%x' expects argument of type 'unsigned int', but argument 3 has type 'alt_u32' [-Wformat]
Info: Compiling main.c to obj/default/main.o
nios2-elf-gcc -xc -MP -MMD -c -I../LT24_Test_bsp//HAL/inc -I../LT24_Test_bsp/ -I../LT24_Test_bsp//drivers/inc -Ifonts -Igraphic_lib -Iterasic_lib  -DSYSTEM_BUS_WIDTH=32 -pipe -D__hal__ -DALT_NO_INSTRUCTION_EMULATION -DALT_SINGLE_THREADED    -O0 -g -Wall   -mno-hw-div -mhw-mul -mno-hw-mulx  -o obj/default/main.o main.c
main.c: In function 'main':
main.c:76:1: warning: control reaches end of non-void function [-Wreturn-type]
Info: Compiling terasic_lib/I2C.c to obj/default/terasic_lib/I2C.o
nios2-elf-gcc -xc -MP -MMD -c -I../LT24_Test_bsp//HAL/inc -I../LT24_Test_bsp/ -I../LT24_Test_bsp//drivers/inc -Ifonts -Igraphic_lib -Iterasic_lib  -DSYSTEM_BUS_WIDTH=32 -pipe -D__hal__ -DALT_NO_INSTRUCTION_EMULATION -DALT_SINGLE_THREADED    -O0 -g -Wall   -mno-hw-div -mhw-mul -mno-hw-mulx  -o obj/default/terasic_lib/I2C.o terasic_lib/I2C.c
Info: Compiling terasic_lib/debug.c to obj/default/terasic_lib/debug.o
nios2-elf-gcc -xc -MP -MMD -c -I../LT24_Test_bsp//HAL/inc -I../LT24_Test_bsp/ -I../LT24_Test_bsp//drivers/inc -Ifonts -Igraphic_lib -Iterasic_lib  -DSYSTEM_BUS_WIDTH=32 -pipe -D__hal__ -DALT_NO_INSTRUCTION_EMULATION -DALT_SINGLE_THREADED    -O0 -g -Wall   -mno-hw-div -mhw-mul -mno-hw-mulx  -o obj/default/terasic_lib/debug.o terasic_lib/debug.c
terasic_lib/debug.c: In function 'myprintf_hexarray':
Info: Compiling terasic_lib/queue.c to obj/default/terasic_lib/queue.o
terasic_lib/debug.c:83:9: warning: pointer targets in passing argument 1 of 'sprintf' differ in signedness [-Wpointer-sign]
In file included from terasic_lib/debug.c:33:0:
c:\altera\13.1\nios2eds\bin\gnu\h-i686-mingw32\bin\../lib/gcc/nios2-elf/4.7.3/../../../../nios2-elf/include/stdio.h:225:5: note: expected 'char *' but argument is of type 'unsigned char *'
nios2-elf-gcc -xc -MP -MMD -c -I../LT24_Test_bsp//HAL/inc -I../LT24_Test_bsp/ -I../LT24_Test_bsp//drivers/inc -Ifonts -Igraphic_lib -Iterasic_lib  -DSYSTEM_BUS_WIDTH=32 -pipe -D__hal__ -DALT_NO_INSTRUCTION_EMULATION -DALT_SINGLE_THREADED    -O0 -g -Wall   -mno-hw-div -mhw-mul -mno-hw-mulx  -o obj/default/terasic_lib/queue.o terasic_lib/queue.c
terasic_lib/debug.c:84:9: warning: pointer targets in passing argument 1 of 'myprintf' differ in signedness [-Wpointer-sign]
Info: Compiling terasic_lib/touch_spi.c to obj/default/terasic_lib/touch_spi.o
terasic_lib/debug.c:64:5: note: expected 'char *' but argument is of type 'unsigned char *'
nios2-elf-gcc -xc -MP -MMD -c -I../LT24_Test_bsp//HAL/inc -I../LT24_Test_bsp/ -I../LT24_Test_bsp//drivers/inc -Ifonts -Igraphic_lib -Iterasic_lib  -DSYSTEM_BUS_WIDTH=32 -pipe -D__hal__ -DALT_NO_INSTRUCTION_EMULATION -DALT_SINGLE_THREADED    -O0 -g -Wall   -mno-hw-div -mhw-mul -mno-hw-mulx  -o obj/default/terasic_lib/touch_spi.o terasic_lib/touch_spi.c
terasic_lib/touch_spi.c: In function 'touch_isr':
Info: Linking LT24_Test.elf
terasic_lib/touch_spi.c:182:12: warning: variable 'mask' set but not used [-Wunused-but-set-variable]
nios2-elf-g++  -T'../LT24_Test_bsp//linker.x' -msys-crt0='../LT24_Test_bsp//obj/HAL/src/crt0.o' -msys-lib=hal_bsp -L../LT24_Test_bsp/   -Wl,-Map=LT24_Test.map   -O0 -g -Wall   -mno-hw-div -mhw-mul -mno-hw-mulx  -o LT24_Test.elf obj/default/fonts/tahomabold_20.o obj/default/fonts/tahomabold_32.o obj/default/geometry.o obj/default/graphic_lib/ILI9341.o obj/default/graphic_lib/simple_graphics.o obj/default/graphic_lib/simple_text.o obj/default/gui.o obj/default/gui_vpg.o obj/default/main.o obj/default/terasic_lib/I2C.o obj/default/terasic_lib/debug.o obj/default/terasic_lib/queue.o obj/default/terasic_lib/touch_spi.o -lm 
nios2-elf-insert LT24_Test.elf --thread_model hal --cpu_name nios2_qsys --qsys true --simulation_enabled false --id 0 --sidp 0x101090 --timestamp 1403259050 --stderr_dev jtag_uart --stdin_dev jtag_uart --stdout_dev jtag_uart --sopc_system_name lt24_qsys --quartus_project_dir "D:/Home/User/Desktop/Test/DE2_115_OnChipMemory_LT24_Painter" --jdi D:/Home/User/Desktop/Test/DE2_115_OnChipMemory_LT24_Painter/software/LT24_Test_bsp/../../DE2_115.jdi --sopcinfo D:/Home/User/Desktop/Test/DE2_115_OnChipMemory_LT24_Painter/software/LT24_Test_bsp/../../lt24_qsys.sopcinfo
Info: (LT24_Test.elf) 197 KBytes program size (code + initialized data).
Info:                 62 KBytes free for stack + heap.
Info: Creating LT24_Test.objdump
nios2-elf-objdump --disassemble --syms --all-header --source LT24_Test.elf >LT24_Test.objdump
[LT24_Test build complete]

**** Build Finished ****

**** Build of configuration Nios II for project LT24_Test ****

make all 
Info: Building ../LT24_Test_bsp/
make --no-print-directory -C ../LT24_Test_bsp/
[BSP build complete]
[LT24_Test build complete]

**** Build Finished ****

**** Build of configuration Nios II for project LT24_Test ****

make all 
Info: Building ../LT24_Test_bsp/
make --no-print-directory -C ../LT24_Test_bsp/
[BSP build complete]
[LT24_Test build complete]

**** Build Finished ****

**** Build of configuration Nios II for project LT24_Test ****

make all 
Info: Building ../LT24_Test_bsp/
make --no-print-directory -C ../LT24_Test_bsp/
[BSP build complete]
[LT24_Test build complete]

**** Build Finished ****

**** Build of configuration Nios II for project LT24_Test ****

make all 
Info: Building ../LT24_Test_bsp/
make --no-print-directory -C ../LT24_Test_bsp/
[BSP build complete]
[LT24_Test build complete]

**** Build Finished ****
