Flow report for DE0_NANO_lt24_display
Tue Oct 07 11:39:00 2014
Quartus II 64-Bit Version 14.0.2 Build 209 09/17/2014 SJ Full Version


---------------------
; Table of Contents ;
---------------------
  1. Legal Notice
  2. Flow Summary
  3. Flow Settings
  4. Flow Non-Default Global Settings
  5. Flow Elapsed Time
  6. Flow OS Summary
  7. Flow Log
  8. Flow Messages
  9. Flow Suppressed Messages



----------------
; Legal Notice ;
----------------
Copyright (C) 1991-2014 Altera Corporation. All rights reserved.
Your use of Altera Corporation's design tools, logic functions 
and other software and tools, and its AMPP partner logic 
functions, and any output files from any of the foregoing 
(including device programming or simulation files), and any 
associated documentation or information are expressly subject 
to the terms and conditions of the Altera Program License 
Subscription Agreement, the Altera Quartus II License Agreement,
the Altera MegaCore Function License Agreement, or other 
applicable license agreement, including, without limitation, 
that your use is for the sole purpose of programming logic 
devices manufactured by Altera and sold by Altera or its 
authorized distributors.  Please refer to the applicable 
agreement for further details.



+----------------------------------------------------------------------------------+
; Flow Summary                                                                     ;
+------------------------------------+---------------------------------------------+
; Flow Status                        ; Successful - Tue Oct 07 11:38:56 2014       ;
; Quartus II 64-Bit Version          ; 14.0.2 Build 209 09/17/2014 SJ Full Version ;
; Revision Name                      ; DE0_NANO_lt24_display                       ;
; Top-level Entity Name              ; DE0_NANO_LT24_display                       ;
; Family                             ; Cyclone IV E                                ;
; Device                             ; EP4CE22F17C6                                ;
; Timing Models                      ; Final                                       ;
; Total logic elements               ; 771 / 22,320 ( 3 % )                        ;
;     Total combinational functions  ; 723 / 22,320 ( 3 % )                        ;
;     Dedicated logic registers      ; 425 / 22,320 ( 2 % )                        ;
; Total registers                    ; 425                                         ;
; Total pins                         ; 31 / 154 ( 20 % )                           ;
; Total virtual pins                 ; 0                                           ;
; Total memory bits                  ; 1,024 / 608,256 ( < 1 % )                   ;
; Embedded Multiplier 9-bit elements ; 0 / 132 ( 0 % )                             ;
; Total PLLs                         ; 1 / 4 ( 25 % )                              ;
+------------------------------------+---------------------------------------------+


+-------------------------------------------+
; Flow Settings                             ;
+-------------------+-----------------------+
; Option            ; Setting               ;
+-------------------+-----------------------+
; Start date & time ; 10/07/2014 11:38:35   ;
; Main task         ; Compilation           ;
; Revision Name     ; DE0_NANO_lt24_display ;
+-------------------+-----------------------+


+---------------------------------------------------------------------------------------------------------------------------+
; Flow Non-Default Global Settings                                                                                          ;
+-------------------------------------+--------------------------------+---------------+-----------------------+------------+
; Assignment Name                     ; Value                          ; Default Value ; Entity Name           ; Section Id ;
+-------------------------------------+--------------------------------+---------------+-----------------------+------------+
; COMPILER_SIGNATURE_ID               ; 70465358575980.141265311505104 ; --            ; --                    ; --         ;
; IP_GENERATED_DEVICE_FAMILY          ; {Cyclone IV GX}                ; --            ; --                    ; --         ;
; IP_TOOL_NAME                        ; ALTPLL                         ; --            ; --                    ; --         ;
; IP_TOOL_VERSION                     ; 14.0                           ; --            ; --                    ; --         ;
; MISC_FILE                           ; ./lib/pll_50M_to_100K_bb.v     ; --            ; --                    ; --         ;
; MISC_FILE                           ; ./lib/pll_50M_to_100K.ppf      ; --            ; --                    ; --         ;
; PARTITION_COLOR                     ; 16764057                       ; --            ; DE0_NANO_LT24_display ; Top        ;
; PARTITION_FITTER_PRESERVATION_LEVEL ; PLACEMENT_AND_ROUTING          ; --            ; DE0_NANO_LT24_display ; Top        ;
; PARTITION_NETLIST_TYPE              ; SOURCE                         ; --            ; DE0_NANO_LT24_display ; Top        ;
+-------------------------------------+--------------------------------+---------------+-----------------------+------------+


+-------------------------------------------------------------------------------------------------------------------------------+
; Flow Elapsed Time                                                                                                             ;
+---------------------------+--------------+-------------------------+---------------------+------------------------------------+
; Module Name               ; Elapsed Time ; Average Processors Used ; Peak Virtual Memory ; Total CPU Time (on all processors) ;
+---------------------------+--------------+-------------------------+---------------------+------------------------------------+
; Analysis & Synthesis      ; 00:00:05     ; 1.0                     ; 589 MB              ; 00:00:03                           ;
; Fitter                    ; 00:00:10     ; 1.0                     ; 1310 MB             ; 00:00:07                           ;
; Assembler                 ; 00:00:02     ; 1.0                     ; 504 MB              ; 00:00:01                           ;
; TimeQuest Timing Analyzer ; 00:00:02     ; 1.0                     ; 592 MB              ; 00:00:02                           ;
; Total                     ; 00:00:19     ; --                      ; --                  ; 00:00:13                           ;
+---------------------------+--------------+-------------------------+---------------------+------------------------------------+


+----------------------------------------------------------------------------------------+
; Flow OS Summary                                                                        ;
+---------------------------+------------------+-----------+------------+----------------+
; Module Name               ; Machine Hostname ; OS Name   ; OS Version ; Processor type ;
+---------------------------+------------------+-----------+------------+----------------+
; Analysis & Synthesis      ; User-PC          ; Windows 7 ; 6.1        ; x86_64         ;
; Fitter                    ; User-PC          ; Windows 7 ; 6.1        ; x86_64         ;
; Assembler                 ; User-PC          ; Windows 7 ; 6.1        ; x86_64         ;
; TimeQuest Timing Analyzer ; User-PC          ; Windows 7 ; 6.1        ; x86_64         ;
+---------------------------+------------------+-----------+------------+----------------+


------------
; Flow Log ;
------------
quartus_map --read_settings_files=on --write_settings_files=off DE0_NANO_lt24_display -c DE0_NANO_lt24_display
quartus_fit --read_settings_files=off --write_settings_files=off DE0_NANO_lt24_display -c DE0_NANO_lt24_display
quartus_asm --read_settings_files=off --write_settings_files=off DE0_NANO_lt24_display -c DE0_NANO_lt24_display
quartus_sta DE0_NANO_lt24_display -c DE0_NANO_lt24_display



