Info: Starting: Create simulation model
Info: qsys-generate C:\Users\osour\Desktop\CS-473EmbSys\CS-473EmbSys\Lab2.2\hw\quartus\system.qsys --simulation=VHDL --allow-mixed-language-simulation --output-directory=C:\Users\osour\Desktop\CS-473EmbSys\CS-473EmbSys\Lab2.2\hw\quartus\system\simulation --family="Cyclone V" --part=5CSEMA4U23C6
Progress: Loading quartus/system.qsys
Progress: Reading input file
Progress: Adding DaisyLed_0 [DaisyLed 1.0]
Progress: Parameterizing module DaisyLed_0
Progress: Adding clk_0 [clock_source 21.1]
Progress: Parameterizing module clk_0
Progress: Adding jtag_uart_0 [altera_avalon_jtag_uart 21.1]
Progress: Parameterizing module jtag_uart_0
Progress: Adding nios2_gen2_0 [altera_nios2_gen2 21.1]
Progress: Parameterizing module nios2_gen2_0
Progress: Adding onchip_memory2_0 [altera_avalon_onchip_memory2 21.1]
Progress: Parameterizing module onchip_memory2_0
Progress: Building connections
Progress: Parameterizing connections
Progress: Validating
Progress: Done reading input file
Warning: system.DaisyLed_0.avalon_slave_0: Signal D1_R[8] of type read must have width [1]
Warning: system.DaisyLed_0.avalon_slave_0: Signal D1_G[8] of type read must have width [1]
Warning: system.DaisyLed_0.avalon_slave_0: Signal D1_B[8] of type read must have width [1]
Warning: system.DaisyLed_0.avalon_slave_0: Signal read appears 3 times (only once is allowed)
Info: system.jtag_uart_0: JTAG UART IP input clock need to be at least double (2x) the operating frequency of JTAG TCK on board
Info: system: Generating system "system" for SIM_VHDL
Warning: Translator DaisyLed_0_avalon_slave_0_translator failed to match interface DaisyLed_0.avalon_slave_0
Info: system: Done "system" with 1 modules, 0 files
Info: qsys-generate succeeded.
Info: Finished: Create simulation model
Info: Starting: Create Modelsim Project.
Info: sim-script-gen --spd=C:\Users\osour\Desktop\CS-473EmbSys\CS-473EmbSys\Lab2.2\hw\quartus\system\system.spd --output-directory=C:/Users/osour/Desktop/CS-473EmbSys/CS-473EmbSys/Lab2.2/hw/quartus/system/simulation/ --use-relative-paths=true
Info: Doing: ip-make-simscript --spd=C:\Users\osour\Desktop\CS-473EmbSys\CS-473EmbSys\Lab2.2\hw\quartus\system\system.spd --output-directory=C:/Users/osour/Desktop/CS-473EmbSys/CS-473EmbSys/Lab2.2/hw/quartus/system/simulation/ --use-relative-paths=true
Info: Generating the following file(s) for MODELSIM simulator in C:/Users/osour/Desktop/CS-473EmbSys/CS-473EmbSys/Lab2.2/hw/quartus/system/simulation/ directory:
Info: 	mentor/msim_setup.tcl
Info: Generating the following file(s) for VCS simulator in C:/Users/osour/Desktop/CS-473EmbSys/CS-473EmbSys/Lab2.2/hw/quartus/system/simulation/ directory:
Info: 	synopsys/vcs/vcs_setup.sh
Info: Generating the following file(s) for VCSMX simulator in C:/Users/osour/Desktop/CS-473EmbSys/CS-473EmbSys/Lab2.2/hw/quartus/system/simulation/ directory:
Info: 	synopsys/vcsmx/synopsys_sim.setup
Info: 	synopsys/vcsmx/vcsmx_setup.sh
Info: Generating the following file(s) for NCSIM simulator in C:/Users/osour/Desktop/CS-473EmbSys/CS-473EmbSys/Lab2.2/hw/quartus/system/simulation/ directory:
Info: 	cadence/cds.lib
Info: 	cadence/hdl.var
Info: 	cadence/ncsim_setup.sh
Info: Generating the following file(s) for RIVIERA simulator in C:/Users/osour/Desktop/CS-473EmbSys/CS-473EmbSys/Lab2.2/hw/quartus/system/simulation/ directory:
Info: 	aldec/rivierapro_setup.tcl
Info: For information on how to simulate your IP, see the explanatory comments in the simulator-specific subdirectories under C:/Users/osour/Desktop/CS-473EmbSys/CS-473EmbSys/Lab2.2/hw/quartus/system/simulation/.
Info: Regenerate these scripts whenever you make any change to any Quartus-generated IP in your project.
Info: Finished: Create Modelsim Project.
Info: Starting: Create block symbol file (.bsf)
Info: qsys-generate C:\Users\osour\Desktop\CS-473EmbSys\CS-473EmbSys\Lab2.2\hw\quartus\system.qsys --block-symbol-file --output-directory=C:\Users\osour\Desktop\CS-473EmbSys\CS-473EmbSys\Lab2.2\hw\quartus\system --family="Cyclone V" --part=5CSEMA4U23C6
Progress: Loading quartus/system.qsys
Progress: Reading input file
Progress: Adding DaisyLed_0 [DaisyLed 1.0]
Progress: Parameterizing module DaisyLed_0
Progress: Adding clk_0 [clock_source 21.1]
Progress: Parameterizing module clk_0
Progress: Adding jtag_uart_0 [altera_avalon_jtag_uart 21.1]
Progress: Parameterizing module jtag_uart_0
Progress: Adding nios2_gen2_0 [altera_nios2_gen2 21.1]
Progress: Parameterizing module nios2_gen2_0
Progress: Adding onchip_memory2_0 [altera_avalon_onchip_memory2 21.1]
Progress: Parameterizing module onchip_memory2_0
Progress: Building connections
Progress: Parameterizing connections
Progress: Validating
Progress: Done reading input file
Warning: system.DaisyLed_0.avalon_slave_0: Signal D1_R[8] of type read must have width [1]
Warning: system.DaisyLed_0.avalon_slave_0: Signal D1_G[8] of type read must have width [1]
Warning: system.DaisyLed_0.avalon_slave_0: Signal D1_B[8] of type read must have width [1]
Warning: system.DaisyLed_0.avalon_slave_0: Signal read appears 3 times (only once is allowed)
Info: system.jtag_uart_0: JTAG UART IP input clock need to be at least double (2x) the operating frequency of JTAG TCK on board
Info: qsys-generate succeeded.
Info: Finished: Create block symbol file (.bsf)
Info: 
Info: Starting: Create HDL design files for synthesis
Info: qsys-generate C:\Users\osour\Desktop\CS-473EmbSys\CS-473EmbSys\Lab2.2\hw\quartus\system.qsys --synthesis=VHDL --output-directory=C:\Users\osour\Desktop\CS-473EmbSys\CS-473EmbSys\Lab2.2\hw\quartus\system\synthesis --family="Cyclone V" --part=5CSEMA4U23C6
Progress: Loading quartus/system.qsys
Progress: Reading input file
Progress: Adding DaisyLed_0 [DaisyLed 1.0]
Progress: Parameterizing module DaisyLed_0
Progress: Adding clk_0 [clock_source 21.1]
Progress: Parameterizing module clk_0
Progress: Adding jtag_uart_0 [altera_avalon_jtag_uart 21.1]
Progress: Parameterizing module jtag_uart_0
Progress: Adding nios2_gen2_0 [altera_nios2_gen2 21.1]
Progress: Parameterizing module nios2_gen2_0
Progress: Adding onchip_memory2_0 [altera_avalon_onchip_memory2 21.1]
Progress: Parameterizing module onchip_memory2_0
Progress: Building connections
Progress: Parameterizing connections
Progress: Validating
Progress: Done reading input file
Warning: system.DaisyLed_0.avalon_slave_0: Signal D1_R[8] of type read must have width [1]
Warning: system.DaisyLed_0.avalon_slave_0: Signal D1_G[8] of type read must have width [1]
Warning: system.DaisyLed_0.avalon_slave_0: Signal D1_B[8] of type read must have width [1]
Warning: system.DaisyLed_0.avalon_slave_0: Signal read appears 3 times (only once is allowed)
Info: system.jtag_uart_0: JTAG UART IP input clock need to be at least double (2x) the operating frequency of JTAG TCK on board
Info: system: Generating system "system" for QUARTUS_SYNTH
Warning: Translator DaisyLed_0_avalon_slave_0_translator failed to match interface DaisyLed_0.avalon_slave_0
Info: system: Done "system" with 1 modules, 0 files
Info: qsys-generate succeeded.
Info: Finished: Create HDL design files for synthesis
