10:43:18 **** Clean-only build of configuration Nios II for project lab22 ****
wsl make clean 
[lab22 clean complete]
10:43:21 **** Build of configuration Nios II for project lab22 ****
wsl make all 
Info: Building /mnt/c/Users/osour/Desktop/EmbSys/Lab2.2bis/hw/quartus/software/lab22_bsp/
make --no-print-directory -C /mnt/c/Users/osour/Desktop/EmbSys/Lab2.2bis/hw/quartus/software/lab22_bsp/
[BSP build complete]
Info: Compiling daisyport.c to obj/default/daisyport.o
nios2-elf-gcc.exe -xc -MP -MMD -c -Ic:/Users/osour/Desktop/EmbSys/Lab2.2bis/hw/quartus/software/lab22_bsp//HAL/inc -Ic:/Users/osour/Desktop/EmbSys/Lab2.2bis/hw/quartus/software/lab22_bsp/ -Ic:/Users/osour/Desktop/EmbSys/Lab2.2bis/hw/quartus/software/lab22_bsp//drivers/inc -pipe -D__hal__ -DALT_NO_INSTRUCTION_EMULATION -DALT_SINGLE_THREADED    -O0 -g -Wall  -mno-hw-div -mhw-mul -mno-hw-mulx -mgpopt=global  -o "obj/default/daisyport.o" "daisyport.c"
daisyport.c:1:10: fatal error: daisyport.h: No such file or directory
    1 | #include <daisyport.h>
      |          ^~~~~~~~~~~~~
compilation terminated.
make: *** [Makefile:725: obj/default/daisyport.o] Error 1
10:43:22 **** Incremental Build of configuration Nios II for project lab22_bsp ****
wsl make all 
[BSP build complete]
10:43:39 **** Incremental Build of configuration Nios II for project lab22 ****
wsl make all 
Info: Building /mnt/c/Users/osour/Desktop/EmbSys/Lab2.2bis/hw/quartus/software/lab22_bsp/
make --no-print-directory -C /mnt/c/Users/osour/Desktop/EmbSys/Lab2.2bis/hw/quartus/software/lab22_bsp/
[BSP build complete]
Info: Compiling daisyport.c to obj/default/daisyport.o
nios2-elf-gcc.exe -xc -MP -MMD -c -Ic:/Users/osour/Desktop/EmbSys/Lab2.2bis/hw/quartus/software/lab22_bsp//HAL/inc -Ic:/Users/osour/Desktop/EmbSys/Lab2.2bis/hw/quartus/software/lab22_bsp/ -Ic:/Users/osour/Desktop/EmbSys/Lab2.2bis/hw/quartus/software/lab22_bsp//drivers/inc -pipe -D__hal__ -DALT_NO_INSTRUCTION_EMULATION -DALT_SINGLE_THREADED    -O0 -g -Wall  -mno-hw-div -mhw-mul -mno-hw-mulx -mgpopt=global  -o "obj/default/daisyport.o" "daisyport.c"
In file included from daisyport.c:1:
daisyport.h: In function 'test':
daisyport.h:6:2: error: unknown type name 'uint8_t'
    6 |  uint8_t a = 0;
      |  ^~~~~~~
daisyport.c: At top level:
daisyport.c:3:6: error: redefinition of 'test'
    3 | void test(){
      |      ^~~~
In file included from daisyport.c:1:
daisyport.h:5:6: note: previous definition of 'test' was here
    5 | void test(){
      |      ^~~~
make: *** [Makefile:725: obj/default/daisyport.o] Error 1
10:43:40 **** Incremental Build of configuration Nios II for project lab22_bsp ****
wsl make all 
[BSP build complete]
10:43:52 **** Incremental Build of configuration Nios II for project lab22 ****
wsl make all 
Info: Building /mnt/c/Users/osour/Desktop/EmbSys/Lab2.2bis/hw/quartus/software/lab22_bsp/
make --no-print-directory -C /mnt/c/Users/osour/Desktop/EmbSys/Lab2.2bis/hw/quartus/software/lab22_bsp/
[BSP build complete]
Info: Compiling daisyport.c to obj/default/daisyport.o
nios2-elf-gcc.exe -xc -MP -MMD -c -Ic:/Users/osour/Desktop/EmbSys/Lab2.2bis/hw/quartus/software/lab22_bsp//HAL/inc -Ic:/Users/osour/Desktop/EmbSys/Lab2.2bis/hw/quartus/software/lab22_bsp/ -Ic:/Users/osour/Desktop/EmbSys/Lab2.2bis/hw/quartus/software/lab22_bsp//drivers/inc -pipe -D__hal__ -DALT_NO_INSTRUCTION_EMULATION -DALT_SINGLE_THREADED    -O0 -g -Wall  -mno-hw-div -mhw-mul -mno-hw-mulx -mgpopt=global  -o "obj/default/daisyport.o" "daisyport.c"
Info: Compiling hello_world.c to obj/default/hello_world.o
nios2-elf-gcc.exe -xc -MP -MMD -c -Ic:/Users/osour/Desktop/EmbSys/Lab2.2bis/hw/quartus/software/lab22_bsp//HAL/inc -Ic:/Users/osour/Desktop/EmbSys/Lab2.2bis/hw/quartus/software/lab22_bsp/ -Ic:/Users/osour/Desktop/EmbSys/Lab2.2bis/hw/quartus/software/lab22_bsp//drivers/inc -pipe -D__hal__ -DALT_NO_INSTRUCTION_EMULATION -DALT_SINGLE_THREADED    -O0 -g -Wall  -mno-hw-div -mhw-mul -mno-hw-mulx -mgpopt=global  -o "obj/default/hello_world.o" "hello_world.c"
Info: Linking lab22.elf
nios2-elf-g++.exe -T'c:/Users/osour/Desktop/EmbSys/Lab2.2bis/hw/quartus/software/lab22_bsp//linker.x' -msys-crt0='c:/Users/osour/Desktop/EmbSys/Lab2.2bis/hw/quartus/software/lab22_bsp//obj/HAL/src/crt0.o' -msys-lib=hal_bsp -Lc:/Users/osour/Desktop/EmbSys/Lab2.2bis/hw/quartus/software/lab22_bsp/   -Wl,-Map=lab22.map   -O0 -g -Wall  -mno-hw-div -mhw-mul -mno-hw-mulx -mgpopt=global  -o lab22.elf obj/default/daisyport.o obj/default/hello_world.o -lm -msys-lib=m
nios2-elf-insert.exe lab22.elf --thread_model hal --cpu_name nios2_gen2_0 --qsys true --simulation_enabled false --stderr_dev jtag_uart_0 --stdin_dev jtag_uart_0 --stdout_dev jtag_uart_0 --sopc_system_name system --quartus_project_dir "c:/Users/osour/Desktop/EmbSys/Lab2.2bis/hw/quartus" --jdi ../..//output_files/Lab22bis.jdi --sopcinfo c:/Users/osour/Desktop/EmbSys/Lab2.2bis/hw/quartus/system.sopcinfo
Info: (lab22.elf) 14 KBytes program size (code + initialized data).
Info:             107 KBytes free for stack + heap.
Info: Creating lab22.objdump
nios2-elf-objdump.exe --disassemble --syms --all-header --source lab22.elf >lab22.objdump
[lab22 build complete]
10:43:53 **** Incremental Build of configuration Nios II for project lab22_bsp ****
wsl make all 
[BSP build complete]
10:44:29 **** Incremental Build of configuration Nios II for project lab22 ****
wsl make all 
Info: Building /mnt/c/Users/osour/Desktop/EmbSys/Lab2.2bis/hw/quartus/software/lab22_bsp/
make --no-print-directory -C /mnt/c/Users/osour/Desktop/EmbSys/Lab2.2bis/hw/quartus/software/lab22_bsp/
[BSP build complete]
Info: Compiling hello_world.c to obj/default/hello_world.o
nios2-elf-gcc.exe -xc -MP -MMD -c -Ic:/Users/osour/Desktop/EmbSys/Lab2.2bis/hw/quartus/software/lab22_bsp//HAL/inc -Ic:/Users/osour/Desktop/EmbSys/Lab2.2bis/hw/quartus/software/lab22_bsp/ -Ic:/Users/osour/Desktop/EmbSys/Lab2.2bis/hw/quartus/software/lab22_bsp//drivers/inc -pipe -D__hal__ -DALT_NO_INSTRUCTION_EMULATION -DALT_SINGLE_THREADED    -O0 -g -Wall  -mno-hw-div -mhw-mul -mno-hw-mulx -mgpopt=global  -o "obj/default/hello_world.o" "hello_world.c"
In file included from hello_world.c:19:
hello_world.c: In function 'main':
hello_world.c:26:16: error: 'DAISY_ADDRESS' undeclared (first use in this function); did you mean 'DAISY_BASE_ADDRESS'?
   26 |   IOWR_8DIRECT(DAISY_ADDRESS, OFFSET, data);
      |                ^~~~~~~~~~~~~
c:\users\osour\desktop\embsys\lab2.2bis\hw\quartus\software\lab22_bsp\hal\inc\io.h:51:23: note: in definition of macro '__IO_CALC_ADDRESS_DYNAMIC'
   51 |   ((void *)(((alt_u8*)BASE) + (OFFSET)))
      |                       ^~~~
hello_world.c:26:3: note: in expansion of macro 'IOWR_8DIRECT'
   26 |   IOWR_8DIRECT(DAISY_ADDRESS, OFFSET, data);
      |   ^~~~~~~~~~~~
hello_world.c:26:16: note: each undeclared identifier is reported only once for each function it appears in
   26 |   IOWR_8DIRECT(DAISY_ADDRESS, OFFSET, data);
      |                ^~~~~~~~~~~~~
c:\users\osour\desktop\embsys\lab2.2bis\hw\quartus\software\lab22_bsp\hal\inc\io.h:51:23: note: in definition of macro '__IO_CALC_ADDRESS_DYNAMIC'
   51 |   ((void *)(((alt_u8*)BASE) + (OFFSET)))
      |                       ^~~~
hello_world.c:26:3: note: in expansion of macro 'IOWR_8DIRECT'
   26 |   IOWR_8DIRECT(DAISY_ADDRESS, OFFSET, data);
      |   ^~~~~~~~~~~~
hello_world.c:26:31: error: 'OFFSET' undeclared (first use in this function)
   26 |   IOWR_8DIRECT(DAISY_ADDRESS, OFFSET, data);
      |                               ^~~~~~
c:\users\osour\desktop\embsys\lab2.2bis\hw\quartus\software\lab22_bsp\hal\inc\io.h:51:32: note: in definition of macro '__IO_CALC_ADDRESS_DYNAMIC'
   51 |   ((void *)(((alt_u8*)BASE) + (OFFSET)))
      |                                ^~~~~~
hello_world.c:26:3: note: in expansion of macro 'IOWR_8DIRECT'
   26 |   IOWR_8DIRECT(DAISY_ADDRESS, OFFSET, data);
      |   ^~~~~~~~~~~~
make: *** [Makefile:725: obj/default/hello_world.o] Error 1
10:44:30 **** Incremental Build of configuration Nios II for project lab22_bsp ****
wsl make all 
[BSP build complete]
11:52:25 **** Incremental Build of configuration Nios II for project lab22 ****
wsl make all 
Info: Building /mnt/c/Users/osour/Desktop/EmbSys/Lab2.2bis/hw/quartus/software/lab22_bsp/
make --no-print-directory -C /mnt/c/Users/osour/Desktop/EmbSys/Lab2.2bis/hw/quartus/software/lab22_bsp/
[BSP build complete]
Info: Compiling daisyport.c to obj/default/daisyport.o
nios2-elf-gcc.exe -xc -MP -MMD -c -Ic:/Users/osour/Desktop/EmbSys/Lab2.2bis/hw/quartus/software/lab22_bsp//HAL/inc -Ic:/Users/osour/Desktop/EmbSys/Lab2.2bis/hw/quartus/software/lab22_bsp/ -Ic:/Users/osour/Desktop/EmbSys/Lab2.2bis/hw/quartus/software/lab22_bsp//drivers/inc -pipe -D__hal__ -DALT_NO_INSTRUCTION_EMULATION -DALT_SINGLE_THREADED    -O0 -g -Wall  -mno-hw-div -mhw-mul -mno-hw-mulx -mgpopt=global  -o "obj/default/daisyport.o" "daisyport.c"
In file included from daisyport.c:1:
daisyport.h:25:20: error: unknown type name 'uint8_t'
   25 | void daisy_all_set(uint8_t red, uint8_t green, uint8_t blue);
      |                    ^~~~~~~
daisyport.h:25:33: error: unknown type name 'uint8_t'
   25 | void daisy_all_set(uint8_t red, uint8_t green, uint8_t blue);
      |                                 ^~~~~~~
daisyport.h:25:48: error: unknown type name 'uint8_t'
   25 | void daisy_all_set(uint8_t red, uint8_t green, uint8_t blue);
      |                                                ^~~~~~~
daisyport.c: In function 'daisy_enable':
daisyport.c:4:2: error: unknown type name 'uint8_t'
    4 |  uint8_t data = 0x11;
      |  ^~~~~~~
daisyport.c:5:2: warning: implicit declaration of function 'IOWR_8DIRECT' [-Wimplicit-function-declaration]
    5 |  IOWR_8DIRECT(DAISY_REG_ENABLE,0,data);
      |  ^~~~~~~~~~~~
daisyport.c: At top level:
daisyport.c:12:27: error: unknown type name 'uint8_t'
   12 | void daisy_all_set_colors(uint8_t red, uint8_t green, uint8_t blue){
      |                           ^~~~~~~
daisyport.c:12:40: error: unknown type name 'uint8_t'
   12 | void daisy_all_set_colors(uint8_t red, uint8_t green, uint8_t blue){
      |                                        ^~~~~~~
daisyport.c:12:55: error: unknown type name 'uint8_t'
   12 | void daisy_all_set_colors(uint8_t red, uint8_t green, uint8_t blue){
      |                                                       ^~~~~~~
make: *** [Makefile:725: obj/default/daisyport.o] Error 1
11:52:32 **** Incremental Build of configuration Nios II for project lab22_bsp ****
wsl make all 
[BSP build complete]
11:54:17 **** Incremental Build of configuration Nios II for project lab22 ****
wsl make all 
Info: Building /mnt/c/Users/osour/Desktop/EmbSys/Lab2.2bis/hw/quartus/software/lab22_bsp/
make --no-print-directory -C /mnt/c/Users/osour/Desktop/EmbSys/Lab2.2bis/hw/quartus/software/lab22_bsp/
[BSP build complete]
Info: Compiling daisyport.c to obj/default/daisyport.o
nios2-elf-gcc.exe -xc -MP -MMD -c -Ic:/Users/osour/Desktop/EmbSys/Lab2.2bis/hw/quartus/software/lab22_bsp//HAL/inc -Ic:/Users/osour/Desktop/EmbSys/Lab2.2bis/hw/quartus/software/lab22_bsp/ -Ic:/Users/osour/Desktop/EmbSys/Lab2.2bis/hw/quartus/software/lab22_bsp//drivers/inc -pipe -D__hal__ -DALT_NO_INSTRUCTION_EMULATION -DALT_SINGLE_THREADED    -O0 -g -Wall  -mno-hw-div -mhw-mul -mno-hw-mulx -mgpopt=global  -o "obj/default/daisyport.o" "daisyport.c"
In file included from daisyport.c:1:
daisyport.h:25:20: error: unknown type name 'uint8_t'
   25 | void daisy_all_set(uint8_t red, uint8_t green, uint8_t blue);
      |                    ^~~~~~~
daisyport.h:25:33: error: unknown type name 'uint8_t'
   25 | void daisy_all_set(uint8_t red, uint8_t green, uint8_t blue);
      |                                 ^~~~~~~
daisyport.h:25:48: error: unknown type name 'uint8_t'
   25 | void daisy_all_set(uint8_t red, uint8_t green, uint8_t blue);
      |                                                ^~~~~~~
daisyport.c: In function 'daisy_enable':
daisyport.c:6:15: error: 'DAISY_REG_ENABLE' undeclared (first use in this function); did you mean 'DAISY_REG_D2_BLUE'?
    6 |  IOWR_8DIRECT(DAISY_REG_ENABLE,0,data);
      |               ^~~~~~~~~~~~~~~~
      |               DAISY_REG_D2_BLUE
daisyport.c:6:15: note: each undeclared identifier is reported only once for each function it appears in
In file included from daisyport.c:1:
daisyport.h:6:45: error: called object is not a function or function pointer
    6 | #define   IOWR_8DIRECT DAISY_BASE_ADDRESS + 0X01
      |                                             ^~~~
daisyport.c:6:2: note: in expansion of macro 'IOWR_8DIRECT'
    6 |  IOWR_8DIRECT(DAISY_REG_ENABLE,0,data);
      |  ^~~~~~~~~~~~
make: *** [Makefile:725: obj/default/daisyport.o] Error 1
11:54:23 **** Incremental Build of configuration Nios II for project lab22_bsp ****
wsl make all 
[BSP build complete]
11:56:43 **** Incremental Build of configuration Nios II for project lab22 ****
wsl make all 
Info: Building /mnt/c/Users/osour/Desktop/EmbSys/Lab2.2bis/hw/quartus/software/lab22_bsp/
make --no-print-directory -C /mnt/c/Users/osour/Desktop/EmbSys/Lab2.2bis/hw/quartus/software/lab22_bsp/
[BSP build complete]
Info: Compiling daisyport.c to obj/default/daisyport.o
nios2-elf-gcc.exe -xc -MP -MMD -c -Ic:/Users/osour/Desktop/EmbSys/Lab2.2bis/hw/quartus/software/lab22_bsp//HAL/inc -Ic:/Users/osour/Desktop/EmbSys/Lab2.2bis/hw/quartus/software/lab22_bsp/ -Ic:/Users/osour/Desktop/EmbSys/Lab2.2bis/hw/quartus/software/lab22_bsp//drivers/inc -pipe -D__hal__ -DALT_NO_INSTRUCTION_EMULATION -DALT_SINGLE_THREADED    -O0 -g -Wall  -mno-hw-div -mhw-mul -mno-hw-mulx -mgpopt=global  -o "obj/default/daisyport.o" "daisyport.c"
In file included from daisyport.c:1:
daisyport.h:25:20: error: unknown type name 'uint8_t'
   25 | void daisy_all_set(uint8_t red, uint8_t green, uint8_t blue);
      |                    ^~~~~~~
daisyport.h:25:33: error: unknown type name 'uint8_t'
   25 | void daisy_all_set(uint8_t red, uint8_t green, uint8_t blue);
      |                                 ^~~~~~~
daisyport.h:25:48: error: unknown type name 'uint8_t'
   25 | void daisy_all_set(uint8_t red, uint8_t green, uint8_t blue);
      |                                                ^~~~~~~
daisyport.c: In function 'daisy_enable':
daisyport.c:6:2: warning: implicit declaration of function 'IOWR_8DIRECT' [-Wimplicit-function-declaration]
    6 |  IOWR_8DIRECT(DAISY_REG_ENABLE,0,data);
      |  ^~~~~~~~~~~~
make: *** [Makefile:725: obj/default/daisyport.o] Error 1
11:56:49 **** Incremental Build of configuration Nios II for project lab22_bsp ****
wsl make all 
[BSP build complete]
15:21:54 **** Incremental Build of configuration Nios II for project lab22 ****
wsl make all 
Info: Building /mnt/c/Users/osour/Desktop/EmbSys/Lab2.2bis/hw/quartus/software/lab22_bsp/
make --no-print-directory -C /mnt/c/Users/osour/Desktop/EmbSys/Lab2.2bis/hw/quartus/software/lab22_bsp/
[BSP build complete]
Info: Compiling daisyport.c to obj/default/daisyport.o
nios2-elf-gcc.exe -xc -MP -MMD -c -Ic:/Users/osour/Desktop/EmbSys/Lab2.2bis/hw/quartus/software/lab22_bsp//HAL/inc -Ic:/Users/osour/Desktop/EmbSys/Lab2.2bis/hw/quartus/software/lab22_bsp/ -Ic:/Users/osour/Desktop/EmbSys/Lab2.2bis/hw/quartus/software/lab22_bsp//drivers/inc -pipe -D__hal__ -DALT_NO_INSTRUCTION_EMULATION -DALT_SINGLE_THREADED    -O0 -g -Wall  -mno-hw-div -mhw-mul -mno-hw-mulx -mgpopt=global  -o "obj/default/daisyport.o" "daisyport.c"
In file included from daisyport.c:1:
daisyport.h:25:20: error: unknown type name 'uint8_t'
   25 | void daisy_all_set(uint8_t red, uint8_t green, uint8_t blue);
      |                    ^~~~~~~
daisyport.h:25:33: error: unknown type name 'uint8_t'
   25 | void daisy_all_set(uint8_t red, uint8_t green, uint8_t blue);
      |                                 ^~~~~~~
daisyport.h:25:48: error: unknown type name 'uint8_t'
   25 | void daisy_all_set(uint8_t red, uint8_t green, uint8_t blue);
      |                                                ^~~~~~~
daisyport.c: In function 'daisy_enable':
daisyport.c:6:2: warning: implicit declaration of function 'IOWR_8DIRECT' [-Wimplicit-function-declaration]
    6 |  IOWR_8DIRECT(DAISY_REG_ENABLE,0,data);
      |  ^~~~~~~~~~~~
make: *** [Makefile:725: obj/default/daisyport.o] Error 1
15:21:56 **** Incremental Build of configuration Nios II for project lab22_bsp ****
wsl make all 
[BSP build complete]
15:24:11 **** Incremental Build of configuration Nios II for project lab22 ****
wsl make all 
Info: Building /mnt/c/Users/osour/Desktop/EmbSys/Lab2.2bis/hw/quartus/software/lab22_bsp/
make --no-print-directory -C /mnt/c/Users/osour/Desktop/EmbSys/Lab2.2bis/hw/quartus/software/lab22_bsp/
[BSP build complete]
Info: Compiling daisyport.c to obj/default/daisyport.o
nios2-elf-gcc.exe -xc -MP -MMD -c -Ic:/Users/osour/Desktop/EmbSys/Lab2.2bis/hw/quartus/software/lab22_bsp//HAL/inc -Ic:/Users/osour/Desktop/EmbSys/Lab2.2bis/hw/quartus/software/lab22_bsp/ -Ic:/Users/osour/Desktop/EmbSys/Lab2.2bis/hw/quartus/software/lab22_bsp//drivers/inc -pipe -D__hal__ -DALT_NO_INSTRUCTION_EMULATION -DALT_SINGLE_THREADED    -O0 -g -Wall  -mno-hw-div -mhw-mul -mno-hw-mulx -mgpopt=global  -o "obj/default/daisyport.o" "daisyport.c"
daisyport.c: In function 'daisy_enable':
daisyport.c:6:2: warning: implicit declaration of function 'IOWR_8DIRECT' [-Wimplicit-function-declaration]
    6 |  IOWR_8DIRECT(DAISY_REG_ENABLE,0,data);
      |  ^~~~~~~~~~~~
Info: Compiling hello_world.c to obj/default/hello_world.o
nios2-elf-gcc.exe -xc -MP -MMD -c -Ic:/Users/osour/Desktop/EmbSys/Lab2.2bis/hw/quartus/software/lab22_bsp//HAL/inc -Ic:/Users/osour/Desktop/EmbSys/Lab2.2bis/hw/quartus/software/lab22_bsp/ -Ic:/Users/osour/Desktop/EmbSys/Lab2.2bis/hw/quartus/software/lab22_bsp//drivers/inc -pipe -D__hal__ -DALT_NO_INSTRUCTION_EMULATION -DALT_SINGLE_THREADED    -O0 -g -Wall  -mno-hw-div -mhw-mul -mno-hw-mulx -mgpopt=global  -o "obj/default/hello_world.o" "hello_world.c"
In file included from hello_world.c:19:
hello_world.c: In function 'main':
hello_world.c:26:16: error: 'DAISY_ADDRESS' undeclared (first use in this function); did you mean 'DAISY_BASE_ADDRESS'?
   26 |   IOWR_8DIRECT(DAISY_ADDRESS, OFFSET, data);
      |                ^~~~~~~~~~~~~
c:\users\osour\desktop\embsys\lab2.2bis\hw\quartus\software\lab22_bsp\hal\inc\io.h:51:23: note: in definition of macro '__IO_CALC_ADDRESS_DYNAMIC'
   51 |   ((void *)(((alt_u8*)BASE) + (OFFSET)))
      |                       ^~~~
hello_world.c:26:3: note: in expansion of macro 'IOWR_8DIRECT'
   26 |   IOWR_8DIRECT(DAISY_ADDRESS, OFFSET, data);
      |   ^~~~~~~~~~~~
hello_world.c:26:16: note: each undeclared identifier is reported only once for each function it appears in
   26 |   IOWR_8DIRECT(DAISY_ADDRESS, OFFSET, data);
      |                ^~~~~~~~~~~~~
c:\users\osour\desktop\embsys\lab2.2bis\hw\quartus\software\lab22_bsp\hal\inc\io.h:51:23: note: in definition of macro '__IO_CALC_ADDRESS_DYNAMIC'
   51 |   ((void *)(((alt_u8*)BASE) + (OFFSET)))
      |                       ^~~~
hello_world.c:26:3: note: in expansion of macro 'IOWR_8DIRECT'
   26 |   IOWR_8DIRECT(DAISY_ADDRESS, OFFSET, data);
      |   ^~~~~~~~~~~~
hello_world.c:26:31: error: 'OFFSET' undeclared (first use in this function)
   26 |   IOWR_8DIRECT(DAISY_ADDRESS, OFFSET, data);
      |                               ^~~~~~
c:\users\osour\desktop\embsys\lab2.2bis\hw\quartus\software\lab22_bsp\hal\inc\io.h:51:32: note: in definition of macro '__IO_CALC_ADDRESS_DYNAMIC'
   51 |   ((void *)(((alt_u8*)BASE) + (OFFSET)))
      |                                ^~~~~~
hello_world.c:26:3: note: in expansion of macro 'IOWR_8DIRECT'
   26 |   IOWR_8DIRECT(DAISY_ADDRESS, OFFSET, data);
      |   ^~~~~~~~~~~~
hello_world.c:28:3: warning: implicit declaration of function 'test' [-Wimplicit-function-declaration]
   28 |   test();
      |   ^~~~
make: *** [Makefile:725: obj/default/hello_world.o] Error 1
15:24:16 **** Incremental Build of configuration Nios II for project lab22_bsp ****
wsl make all 
[BSP build complete]
15:25:09 **** Incremental Build of configuration Nios II for project lab22 ****
wsl make all 
Info: Building /mnt/c/Users/osour/Desktop/EmbSys/Lab2.2bis/hw/quartus/software/lab22_bsp/
make --no-print-directory -C /mnt/c/Users/osour/Desktop/EmbSys/Lab2.2bis/hw/quartus/software/lab22_bsp/
[BSP build complete]
Info: Compiling hello_world.c to obj/default/hello_world.o
nios2-elf-gcc.exe -xc -MP -MMD -c -Ic:/Users/osour/Desktop/EmbSys/Lab2.2bis/hw/quartus/software/lab22_bsp//HAL/inc -Ic:/Users/osour/Desktop/EmbSys/Lab2.2bis/hw/quartus/software/lab22_bsp/ -Ic:/Users/osour/Desktop/EmbSys/Lab2.2bis/hw/quartus/software/lab22_bsp//drivers/inc -pipe -D__hal__ -DALT_NO_INSTRUCTION_EMULATION -DALT_SINGLE_THREADED    -O0 -g -Wall  -mno-hw-div -mhw-mul -mno-hw-mulx -mgpopt=global  -o "obj/default/hello_world.o" "hello_world.c"
hello_world.c: In function 'main':
hello_world.c:28:3: warning: implicit declaration of function 'test' [-Wimplicit-function-declaration]
   28 |   test();
      |   ^~~~
hello_world.c:25:11: warning: unused variable 'data' [-Wunused-variable]
   25 |   uint8_t data = 125;
      |           ^~~~
Info: Linking lab22.elf
nios2-elf-g++.exe -T'c:/Users/osour/Desktop/EmbSys/Lab2.2bis/hw/quartus/software/lab22_bsp//linker.x' -msys-crt0='c:/Users/osour/Desktop/EmbSys/Lab2.2bis/hw/quartus/software/lab22_bsp//obj/HAL/src/crt0.o' -msys-lib=hal_bsp -Lc:/Users/osour/Desktop/EmbSys/Lab2.2bis/hw/quartus/software/lab22_bsp/   -Wl,-Map=lab22.map   -O0 -g -Wall  -mno-hw-div -mhw-mul -mno-hw-mulx -mgpopt=global  -o lab22.elf obj/default/daisyport.o obj/default/hello_world.o -lm -msys-lib=m
c:/intelfpga_lite/21.1/nios2eds/bin/gnu/h-x86_64-mingw32/bin/../lib/gcc/nios2-elf/10.3.1/../../../../../H-x86_64-mingw32/nios2-elf/bin/ld.exe: obj/default/daisyport.o: in function `daisy_enable':
C:\Users\osour\Desktop\EmbSys\Lab2.2bis\hw\quartus\software\lab22/daisyport.c:6: undefined reference to `IOWR_8DIRECT'
c:/intelfpga_lite/21.1/nios2eds/bin/gnu/h-x86_64-mingw32/bin/../lib/gcc/nios2-elf/10.3.1/../../../../../H-x86_64-mingw32/nios2-elf/bin/ld.exe: obj/default/hello_world.o: in function `main':
C:\Users\osour\Desktop\EmbSys\Lab2.2bis\hw\quartus\software\lab22/hello_world.c:28: undefined reference to `test'
collect2.exe: error: ld returned 1 exit status
make: *** [Makefile:1015: lab22.elf] Error 1
15:25:11 **** Incremental Build of configuration Nios II for project lab22_bsp ****
wsl make all 
[BSP build complete]
15:25:31 **** Incremental Build of configuration Nios II for project lab22 ****
wsl make all 
Info: Building /mnt/c/Users/osour/Desktop/EmbSys/Lab2.2bis/hw/quartus/software/lab22_bsp/
make --no-print-directory -C /mnt/c/Users/osour/Desktop/EmbSys/Lab2.2bis/hw/quartus/software/lab22_bsp/
[BSP build complete]
Info: Compiling daisyport.c to obj/default/daisyport.o
nios2-elf-gcc.exe -xc -MP -MMD -c -Ic:/Users/osour/Desktop/EmbSys/Lab2.2bis/hw/quartus/software/lab22_bsp//HAL/inc -Ic:/Users/osour/Desktop/EmbSys/Lab2.2bis/hw/quartus/software/lab22_bsp/ -Ic:/Users/osour/Desktop/EmbSys/Lab2.2bis/hw/quartus/software/lab22_bsp//drivers/inc -pipe -D__hal__ -DALT_NO_INSTRUCTION_EMULATION -DALT_SINGLE_THREADED    -O0 -g -Wall  -mno-hw-div -mhw-mul -mno-hw-mulx -mgpopt=global  -o "obj/default/daisyport.o" "daisyport.c"
Info: Linking lab22.elf
nios2-elf-g++.exe -T'c:/Users/osour/Desktop/EmbSys/Lab2.2bis/hw/quartus/software/lab22_bsp//linker.x' -msys-crt0='c:/Users/osour/Desktop/EmbSys/Lab2.2bis/hw/quartus/software/lab22_bsp//obj/HAL/src/crt0.o' -msys-lib=hal_bsp -Lc:/Users/osour/Desktop/EmbSys/Lab2.2bis/hw/quartus/software/lab22_bsp/   -Wl,-Map=lab22.map   -O0 -g -Wall  -mno-hw-div -mhw-mul -mno-hw-mulx -mgpopt=global  -o lab22.elf obj/default/daisyport.o obj/default/hello_world.o -lm -msys-lib=m
c:/intelfpga_lite/21.1/nios2eds/bin/gnu/h-x86_64-mingw32/bin/../lib/gcc/nios2-elf/10.3.1/../../../../../H-x86_64-mingw32/nios2-elf/bin/ld.exe: obj/default/hello_world.o: in function `main':
C:\Users\osour\Desktop\EmbSys\Lab2.2bis\hw\quartus\software\lab22/hello_world.c:28: undefined reference to `test'
collect2.exe: error: ld returned 1 exit status
make: *** [Makefile:1015: lab22.elf] Error 1
15:25:33 **** Incremental Build of configuration Nios II for project lab22_bsp ****
wsl make all 
[BSP build complete]
15:25:36 **** Incremental Build of configuration Nios II for project lab22 ****
wsl make all 
Info: Building /mnt/c/Users/osour/Desktop/EmbSys/Lab2.2bis/hw/quartus/software/lab22_bsp/
make --no-print-directory -C /mnt/c/Users/osour/Desktop/EmbSys/Lab2.2bis/hw/quartus/software/lab22_bsp/
[BSP build complete]
Info: Compiling hello_world.c to obj/default/hello_world.o
nios2-elf-gcc.exe -xc -MP -MMD -c -Ic:/Users/osour/Desktop/EmbSys/Lab2.2bis/hw/quartus/software/lab22_bsp//HAL/inc -Ic:/Users/osour/Desktop/EmbSys/Lab2.2bis/hw/quartus/software/lab22_bsp/ -Ic:/Users/osour/Desktop/EmbSys/Lab2.2bis/hw/quartus/software/lab22_bsp//drivers/inc -pipe -D__hal__ -DALT_NO_INSTRUCTION_EMULATION -DALT_SINGLE_THREADED    -O0 -g -Wall  -mno-hw-div -mhw-mul -mno-hw-mulx -mgpopt=global  -o "obj/default/hello_world.o" "hello_world.c"
hello_world.c: In function 'main':
hello_world.c:25:11: warning: unused variable 'data' [-Wunused-variable]
   25 |   uint8_t data = 125;
      |           ^~~~
Info: Linking lab22.elf
nios2-elf-g++.exe -T'c:/Users/osour/Desktop/EmbSys/Lab2.2bis/hw/quartus/software/lab22_bsp//linker.x' -msys-crt0='c:/Users/osour/Desktop/EmbSys/Lab2.2bis/hw/quartus/software/lab22_bsp//obj/HAL/src/crt0.o' -msys-lib=hal_bsp -Lc:/Users/osour/Desktop/EmbSys/Lab2.2bis/hw/quartus/software/lab22_bsp/   -Wl,-Map=lab22.map   -O0 -g -Wall  -mno-hw-div -mhw-mul -mno-hw-mulx -mgpopt=global  -o lab22.elf obj/default/daisyport.o obj/default/hello_world.o -lm -msys-lib=m
nios2-elf-insert.exe lab22.elf --thread_model hal --cpu_name nios2_gen2_0 --qsys true --simulation_enabled false --stderr_dev jtag_uart_0 --stdin_dev jtag_uart_0 --stdout_dev jtag_uart_0 --sopc_system_name system --quartus_project_dir "c:/Users/osour/Desktop/EmbSys/Lab2.2bis/hw/quartus" --jdi ../..//output_files/Lab22bis.jdi --sopcinfo c:/Users/osour/Desktop/EmbSys/Lab2.2bis/hw/quartus/system.sopcinfo
Info: (lab22.elf) 15 KBytes program size (code + initialized data).
Info:             107 KBytes free for stack + heap.
Info: Creating lab22.objdump
nios2-elf-objdump.exe --disassemble --syms --all-header --source lab22.elf >lab22.objdump
[lab22 build complete]
15:25:38 **** Incremental Build of configuration Nios II for project lab22_bsp ****
wsl make all 
[BSP build complete]
15:25:44 **** Incremental Build of configuration Nios II for project lab22 ****
wsl make all 
Info: Building /mnt/c/Users/osour/Desktop/EmbSys/Lab2.2bis/hw/quartus/software/lab22_bsp/
make --no-print-directory -C /mnt/c/Users/osour/Desktop/EmbSys/Lab2.2bis/hw/quartus/software/lab22_bsp/
[BSP build complete]
Info: Compiling hello_world.c to obj/default/hello_world.o
nios2-elf-gcc.exe -xc -MP -MMD -c -Ic:/Users/osour/Desktop/EmbSys/Lab2.2bis/hw/quartus/software/lab22_bsp//HAL/inc -Ic:/Users/osour/Desktop/EmbSys/Lab2.2bis/hw/quartus/software/lab22_bsp/ -Ic:/Users/osour/Desktop/EmbSys/Lab2.2bis/hw/quartus/software/lab22_bsp//drivers/inc -pipe -D__hal__ -DALT_NO_INSTRUCTION_EMULATION -DALT_SINGLE_THREADED    -O0 -g -Wall  -mno-hw-div -mhw-mul -mno-hw-mulx -mgpopt=global  -o "obj/default/hello_world.o" "hello_world.c"
hello_world.c: In function 'main':
hello_world.c:25:11: warning: unused variable 'data' [-Wunused-variable]
   25 |   uint8_t data = 125;
      |           ^~~~
Info: Linking lab22.elf
nios2-elf-g++.exe -T'c:/Users/osour/Desktop/EmbSys/Lab2.2bis/hw/quartus/software/lab22_bsp//linker.x' -msys-crt0='c:/Users/osour/Desktop/EmbSys/Lab2.2bis/hw/quartus/software/lab22_bsp//obj/HAL/src/crt0.o' -msys-lib=hal_bsp -Lc:/Users/osour/Desktop/EmbSys/Lab2.2bis/hw/quartus/software/lab22_bsp/   -Wl,-Map=lab22.map   -O0 -g -Wall  -mno-hw-div -mhw-mul -mno-hw-mulx -mgpopt=global  -o lab22.elf obj/default/daisyport.o obj/default/hello_world.o -lm -msys-lib=m
nios2-elf-insert.exe lab22.elf --thread_model hal --cpu_name nios2_gen2_0 --qsys true --simulation_enabled false --stderr_dev jtag_uart_0 --stdin_dev jtag_uart_0 --stdout_dev jtag_uart_0 --sopc_system_name system --quartus_project_dir "c:/Users/osour/Desktop/EmbSys/Lab2.2bis/hw/quartus" --jdi ../..//output_files/Lab22bis.jdi --sopcinfo c:/Users/osour/Desktop/EmbSys/Lab2.2bis/hw/quartus/system.sopcinfo
Info: (lab22.elf) 15 KBytes program size (code + initialized data).
Info:             107 KBytes free for stack + heap.
Info: Creating lab22.objdump
nios2-elf-objdump.exe --disassemble --syms --all-header --source lab22.elf >lab22.objdump
[lab22 build complete]
15:25:46 **** Incremental Build of configuration Nios II for project lab22_bsp ****
wsl make all 
[BSP build complete]
15:31:22 **** Incremental Build of configuration Nios II for project lab22 ****
wsl make all 
Info: Building /mnt/c/Users/osour/Desktop/EmbSys/Lab2.2bis/hw/quartus/software/lab22_bsp/
make --no-print-directory -C /mnt/c/Users/osour/Desktop/EmbSys/Lab2.2bis/hw/quartus/software/lab22_bsp/
[BSP build complete]
Info: Compiling daisyport.c to obj/default/daisyport.o
nios2-elf-gcc.exe -xc -MP -MMD -c -Ic:/Users/osour/Desktop/EmbSys/Lab2.2bis/hw/quartus/software/lab22_bsp//HAL/inc -Ic:/Users/osour/Desktop/EmbSys/Lab2.2bis/hw/quartus/software/lab22_bsp/ -Ic:/Users/osour/Desktop/EmbSys/Lab2.2bis/hw/quartus/software/lab22_bsp//drivers/inc -pipe -D__hal__ -DALT_NO_INSTRUCTION_EMULATION -DALT_SINGLE_THREADED    -O0 -g -Wall  -mno-hw-div -mhw-mul -mno-hw-mulx -mgpopt=global  -o "obj/default/daisyport.o" "daisyport.c"
daisyport.c: In function 'daisy_all_set_colors':
daisyport.c:15:2: warning: implicit declaration of function 'daisy_d1_set_colors'; did you mean 'daisy_all_set_colors'? [-Wimplicit-function-declaration]
   15 |  daisy_d1_set_colors(red,green,blue);
      |  ^~~~~~~~~~~~~~~~~~~
      |  daisy_all_set_colors
daisyport.c:16:2: warning: implicit declaration of function 'daisy_d2_set_colors'; did you mean 'daisy_all_set_colors'? [-Wimplicit-function-declaration]
   16 |  daisy_d2_set_colors(red,green,blue);
      |  ^~~~~~~~~~~~~~~~~~~
      |  daisy_all_set_colors
daisyport.c:17:2: warning: implicit declaration of function 'daisy_d3_set_colors'; did you mean 'daisy_all_set_colors'? [-Wimplicit-function-declaration]
   17 |  daisy_d3_set_colors(red,green,blue);
      |  ^~~~~~~~~~~~~~~~~~~
      |  daisy_all_set_colors
daisyport.c:18:2: warning: implicit declaration of function 'daisy_d4_set_colors'; did you mean 'daisy_all_set_colors'? [-Wimplicit-function-declaration]
   18 |  daisy_d4_set_colors(red,green,blue);
      |  ^~~~~~~~~~~~~~~~~~~
      |  daisy_all_set_colors
daisyport.c: At top level:
daisyport.c:22:6: warning: conflicting types for 'daisy_d1_set_colors'
   22 | void daisy_d1_set_colors(uint8_t red, uint8_t green, uint8_t blue){
      |      ^~~~~~~~~~~~~~~~~~~
daisyport.c:15:2: note: previous implicit declaration of 'daisy_d1_set_colors' was here
   15 |  daisy_d1_set_colors(red,green,blue);
      |  ^~~~~~~~~~~~~~~~~~~
daisyport.c:28:6: warning: conflicting types for 'daisy_d2_set_colors'
   28 | void daisy_d2_set_colors(uint8_t red, uint8_t green, uint8_t blue){
      |      ^~~~~~~~~~~~~~~~~~~
daisyport.c:16:2: note: previous implicit declaration of 'daisy_d2_set_colors' was here
   16 |  daisy_d2_set_colors(red,green,blue);
      |  ^~~~~~~~~~~~~~~~~~~
daisyport.c:34:6: warning: conflicting types for 'daisy_d3_set_colors'
   34 | void daisy_d3_set_colors(uint8_t red, uint8_t green, uint8_t blue){
      |      ^~~~~~~~~~~~~~~~~~~
daisyport.c:17:2: note: previous implicit declaration of 'daisy_d3_set_colors' was here
   17 |  daisy_d3_set_colors(red,green,blue);
      |  ^~~~~~~~~~~~~~~~~~~
daisyport.c:40:6: warning: conflicting types for 'daisy_d4_set_colors'
   40 | void daisy_d4_set_colors(uint8_t red, uint8_t green, uint8_t blue){
      |      ^~~~~~~~~~~~~~~~~~~
daisyport.c:18:2: note: previous implicit declaration of 'daisy_d4_set_colors' was here
   18 |  daisy_d4_set_colors(red,green,blue);
      |  ^~~~~~~~~~~~~~~~~~~
Info: Compiling hello_world.c to obj/default/hello_world.o
nios2-elf-gcc.exe -xc -MP -MMD -c -Ic:/Users/osour/Desktop/EmbSys/Lab2.2bis/hw/quartus/software/lab22_bsp//HAL/inc -Ic:/Users/osour/Desktop/EmbSys/Lab2.2bis/hw/quartus/software/lab22_bsp/ -Ic:/Users/osour/Desktop/EmbSys/Lab2.2bis/hw/quartus/software/lab22_bsp//drivers/inc -pipe -D__hal__ -DALT_NO_INSTRUCTION_EMULATION -DALT_SINGLE_THREADED    -O0 -g -Wall  -mno-hw-div -mhw-mul -mno-hw-mulx -mgpopt=global  -o "obj/default/hello_world.o" "hello_world.c"
hello_world.c: In function 'main':
hello_world.c:26:3: warning: implicit declaration of function 'daisy_all_set_colors'; did you mean 'daisy_all_set'? [-Wimplicit-function-declaration]
   26 |   daisy_all_set_colors(255,255,255);
      |   ^~~~~~~~~~~~~~~~~~~~
      |   daisy_all_set
Info: Linking lab22.elf
nios2-elf-g++.exe -T'c:/Users/osour/Desktop/EmbSys/Lab2.2bis/hw/quartus/software/lab22_bsp//linker.x' -msys-crt0='c:/Users/osour/Desktop/EmbSys/Lab2.2bis/hw/quartus/software/lab22_bsp//obj/HAL/src/crt0.o' -msys-lib=hal_bsp -Lc:/Users/osour/Desktop/EmbSys/Lab2.2bis/hw/quartus/software/lab22_bsp/   -Wl,-Map=lab22.map   -O0 -g -Wall  -mno-hw-div -mhw-mul -mno-hw-mulx -mgpopt=global  -o lab22.elf obj/default/daisyport.o obj/default/hello_world.o -lm -msys-lib=m
nios2-elf-insert.exe lab22.elf --thread_model hal --cpu_name nios2_gen2_0 --qsys true --simulation_enabled false --stderr_dev jtag_uart_0 --stdin_dev jtag_uart_0 --stdout_dev jtag_uart_0 --sopc_system_name system --quartus_project_dir "c:/Users/osour/Desktop/EmbSys/Lab2.2bis/hw/quartus" --jdi ../..//output_files/Lab22bis.jdi --sopcinfo c:/Users/osour/Desktop/EmbSys/Lab2.2bis/hw/quartus/system.sopcinfo
Info: (lab22.elf) 15 KBytes program size (code + initialized data).
Info:             106 KBytes free for stack + heap.
Info: Creating lab22.objdump
nios2-elf-objdump.exe --disassemble --syms --all-header --source lab22.elf >lab22.objdump
[lab22 build complete]
15:31:28 **** Incremental Build of configuration Nios II for project lab22_bsp ****
wsl make all 
[BSP build complete]
15:31:57 **** Incremental Build of configuration Nios II for project lab22 ****
wsl make all 
Info: Building /mnt/c/Users/osour/Desktop/EmbSys/Lab2.2bis/hw/quartus/software/lab22_bsp/
make --no-print-directory -C /mnt/c/Users/osour/Desktop/EmbSys/Lab2.2bis/hw/quartus/software/lab22_bsp/
[BSP build complete]
Info: Compiling daisyport.c to obj/default/daisyport.o
nios2-elf-gcc.exe -xc -MP -MMD -c -Ic:/Users/osour/Desktop/EmbSys/Lab2.2bis/hw/quartus/software/lab22_bsp//HAL/inc -Ic:/Users/osour/Desktop/EmbSys/Lab2.2bis/hw/quartus/software/lab22_bsp/ -Ic:/Users/osour/Desktop/EmbSys/Lab2.2bis/hw/quartus/software/lab22_bsp//drivers/inc -pipe -D__hal__ -DALT_NO_INSTRUCTION_EMULATION -DALT_SINGLE_THREADED    -O0 -g -Wall  -mno-hw-div -mhw-mul -mno-hw-mulx -mgpopt=global  -o "obj/default/daisyport.o" "daisyport.c"
Info: Linking lab22.elf
nios2-elf-g++.exe -T'c:/Users/osour/Desktop/EmbSys/Lab2.2bis/hw/quartus/software/lab22_bsp//linker.x' -msys-crt0='c:/Users/osour/Desktop/EmbSys/Lab2.2bis/hw/quartus/software/lab22_bsp//obj/HAL/src/crt0.o' -msys-lib=hal_bsp -Lc:/Users/osour/Desktop/EmbSys/Lab2.2bis/hw/quartus/software/lab22_bsp/   -Wl,-Map=lab22.map   -O0 -g -Wall  -mno-hw-div -mhw-mul -mno-hw-mulx -mgpopt=global  -o lab22.elf obj/default/daisyport.o obj/default/hello_world.o -lm -msys-lib=m
nios2-elf-insert.exe lab22.elf --thread_model hal --cpu_name nios2_gen2_0 --qsys true --simulation_enabled false --stderr_dev jtag_uart_0 --stdin_dev jtag_uart_0 --stdout_dev jtag_uart_0 --sopc_system_name system --quartus_project_dir "c:/Users/osour/Desktop/EmbSys/Lab2.2bis/hw/quartus" --jdi ../..//output_files/Lab22bis.jdi --sopcinfo c:/Users/osour/Desktop/EmbSys/Lab2.2bis/hw/quartus/system.sopcinfo
Info: (lab22.elf) 15 KBytes program size (code + initialized data).
Info:             106 KBytes free for stack + heap.
Info: Creating lab22.objdump
nios2-elf-objdump.exe --disassemble --syms --all-header --source lab22.elf >lab22.objdump
[lab22 build complete]
15:31:59 **** Incremental Build of configuration Nios II for project lab22_bsp ****
wsl make all 
[BSP build complete]
15:32:18 **** Incremental Build of configuration Nios II for project lab22 ****
wsl make all 
Info: Building /mnt/c/Users/osour/Desktop/EmbSys/Lab2.2bis/hw/quartus/software/lab22_bsp/
make --no-print-directory -C /mnt/c/Users/osour/Desktop/EmbSys/Lab2.2bis/hw/quartus/software/lab22_bsp/
[BSP build complete]
Info: Compiling hello_world.c to obj/default/hello_world.o
nios2-elf-gcc.exe -xc -MP -MMD -c -Ic:/Users/osour/Desktop/EmbSys/Lab2.2bis/hw/quartus/software/lab22_bsp//HAL/inc -Ic:/Users/osour/Desktop/EmbSys/Lab2.2bis/hw/quartus/software/lab22_bsp/ -Ic:/Users/osour/Desktop/EmbSys/Lab2.2bis/hw/quartus/software/lab22_bsp//drivers/inc -pipe -D__hal__ -DALT_NO_INSTRUCTION_EMULATION -DALT_SINGLE_THREADED    -O0 -g -Wall  -mno-hw-div -mhw-mul -mno-hw-mulx -mgpopt=global  -o "obj/default/hello_world.o" "hello_world.c"
hello_world.c: In function 'main':
hello_world.c:25:3: warning: implicit declaration of function 'daisy_all_set_colors'; did you mean 'daisy_all_set'? [-Wimplicit-function-declaration]
   25 |   daisy_all_set_colors(255,255,255);
      |   ^~~~~~~~~~~~~~~~~~~~
      |   daisy_all_set
Info: Linking lab22.elf
nios2-elf-g++.exe -T'c:/Users/osour/Desktop/EmbSys/Lab2.2bis/hw/quartus/software/lab22_bsp//linker.x' -msys-crt0='c:/Users/osour/Desktop/EmbSys/Lab2.2bis/hw/quartus/software/lab22_bsp//obj/HAL/src/crt0.o' -msys-lib=hal_bsp -Lc:/Users/osour/Desktop/EmbSys/Lab2.2bis/hw/quartus/software/lab22_bsp/   -Wl,-Map=lab22.map   -O0 -g -Wall  -mno-hw-div -mhw-mul -mno-hw-mulx -mgpopt=global  -o lab22.elf obj/default/daisyport.o obj/default/hello_world.o -lm -msys-lib=m
nios2-elf-insert.exe lab22.elf --thread_model hal --cpu_name nios2_gen2_0 --qsys true --simulation_enabled false --stderr_dev jtag_uart_0 --stdin_dev jtag_uart_0 --stdout_dev jtag_uart_0 --sopc_system_name system --quartus_project_dir "c:/Users/osour/Desktop/EmbSys/Lab2.2bis/hw/quartus" --jdi ../..//output_files/Lab22bis.jdi --sopcinfo c:/Users/osour/Desktop/EmbSys/Lab2.2bis/hw/quartus/system.sopcinfo
Info: (lab22.elf) 15 KBytes program size (code + initialized data).
Info:             106 KBytes free for stack + heap.
Info: Creating lab22.objdump
nios2-elf-objdump.exe --disassemble --syms --all-header --source lab22.elf >lab22.objdump
[lab22 build complete]
15:32:20 **** Incremental Build of configuration Nios II for project lab22_bsp ****
wsl make all 
[BSP build complete]
15:32:58 **** Incremental Build of configuration Nios II for project lab22 ****
wsl make all 
Info: Building /mnt/c/Users/osour/Desktop/EmbSys/Lab2.2bis/hw/quartus/software/lab22_bsp/
make --no-print-directory -C /mnt/c/Users/osour/Desktop/EmbSys/Lab2.2bis/hw/quartus/software/lab22_bsp/
[BSP build complete]
Info: Compiling daisyport.c to obj/default/daisyport.o
nios2-elf-gcc.exe -xc -MP -MMD -c -Ic:/Users/osour/Desktop/EmbSys/Lab2.2bis/hw/quartus/software/lab22_bsp//HAL/inc -Ic:/Users/osour/Desktop/EmbSys/Lab2.2bis/hw/quartus/software/lab22_bsp/ -Ic:/Users/osour/Desktop/EmbSys/Lab2.2bis/hw/quartus/software/lab22_bsp//drivers/inc -pipe -D__hal__ -DALT_NO_INSTRUCTION_EMULATION -DALT_SINGLE_THREADED    -O0 -g -Wall  -mno-hw-div -mhw-mul -mno-hw-mulx -mgpopt=global  -o "obj/default/daisyport.o" "daisyport.c"
daisyport.c: In function 'daisy_all_set':
daisyport.c:40:2: warning: implicit declaration of function 'daisy_d1_set_colors'; did you mean 'daisy_d1_set'? [-Wimplicit-function-declaration]
   40 |  daisy_d1_set_colors(red,green,blue);
      |  ^~~~~~~~~~~~~~~~~~~
      |  daisy_d1_set
daisyport.c:41:2: warning: implicit declaration of function 'daisy_d2_set_colors'; did you mean 'daisy_d2_set'? [-Wimplicit-function-declaration]
   41 |  daisy_d2_set_colors(red,green,blue);
      |  ^~~~~~~~~~~~~~~~~~~
      |  daisy_d2_set
daisyport.c:42:2: warning: implicit declaration of function 'daisy_d3_set_colors'; did you mean 'daisy_d3_set'? [-Wimplicit-function-declaration]
   42 |  daisy_d3_set_colors(red,green,blue);
      |  ^~~~~~~~~~~~~~~~~~~
      |  daisy_d3_set
daisyport.c:43:2: warning: implicit declaration of function 'daisy_d4_set_colors'; did you mean 'daisy_d4_set'? [-Wimplicit-function-declaration]
   43 |  daisy_d4_set_colors(red,green,blue);
      |  ^~~~~~~~~~~~~~~~~~~
      |  daisy_d4_set
Info: Compiling hello_world.c to obj/default/hello_world.o
nios2-elf-gcc.exe -xc -MP -MMD -c -Ic:/Users/osour/Desktop/EmbSys/Lab2.2bis/hw/quartus/software/lab22_bsp//HAL/inc -Ic:/Users/osour/Desktop/EmbSys/Lab2.2bis/hw/quartus/software/lab22_bsp/ -Ic:/Users/osour/Desktop/EmbSys/Lab2.2bis/hw/quartus/software/lab22_bsp//drivers/inc -pipe -D__hal__ -DALT_NO_INSTRUCTION_EMULATION -DALT_SINGLE_THREADED    -O0 -g -Wall  -mno-hw-div -mhw-mul -mno-hw-mulx -mgpopt=global  -o "obj/default/hello_world.o" "hello_world.c"
Info: Linking lab22.elf
nios2-elf-g++.exe -T'c:/Users/osour/Desktop/EmbSys/Lab2.2bis/hw/quartus/software/lab22_bsp//linker.x' -msys-crt0='c:/Users/osour/Desktop/EmbSys/Lab2.2bis/hw/quartus/software/lab22_bsp//obj/HAL/src/crt0.o' -msys-lib=hal_bsp -Lc:/Users/osour/Desktop/EmbSys/Lab2.2bis/hw/quartus/software/lab22_bsp/   -Wl,-Map=lab22.map   -O0 -g -Wall  -mno-hw-div -mhw-mul -mno-hw-mulx -mgpopt=global  -o lab22.elf obj/default/daisyport.o obj/default/hello_world.o -lm -msys-lib=m
c:/intelfpga_lite/21.1/nios2eds/bin/gnu/h-x86_64-mingw32/bin/../lib/gcc/nios2-elf/10.3.1/../../../../../H-x86_64-mingw32/nios2-elf/bin/ld.exe: obj/default/daisyport.o: in function `daisy_all_set':
C:\Users\osour\Desktop\EmbSys\Lab2.2bis\hw\quartus\software\lab22/daisyport.c:40: undefined reference to `daisy_d1_set_colors'
c:/intelfpga_lite/21.1/nios2eds/bin/gnu/h-x86_64-mingw32/bin/../lib/gcc/nios2-elf/10.3.1/../../../../../H-x86_64-mingw32/nios2-elf/bin/ld.exe: C:\Users\osour\Desktop\EmbSys\Lab2.2bis\hw\quartus\software\lab22/daisyport.c:41: undefined reference to `daisy_d2_set_colors'
c:/intelfpga_lite/21.1/nios2eds/bin/gnu/h-x86_64-mingw32/bin/../lib/gcc/nios2-elf/10.3.1/../../../../../H-x86_64-mingw32/nios2-elf/bin/ld.exe: C:\Users\osour\Desktop\EmbSys\Lab2.2bis\hw\quartus\software\lab22/daisyport.c:42: undefined reference to `daisy_d3_set_colors'
c:/intelfpga_lite/21.1/nios2eds/bin/gnu/h-x86_64-mingw32/bin/../lib/gcc/nios2-elf/10.3.1/../../../../../H-x86_64-mingw32/nios2-elf/bin/ld.exe: C:\Users\osour\Desktop\EmbSys\Lab2.2bis\hw\quartus\software\lab22/daisyport.c:43: undefined reference to `daisy_d4_set_colors'
collect2.exe: error: ld returned 1 exit status
make: *** [Makefile:1015: lab22.elf] Error 1
15:33:00 **** Incremental Build of configuration Nios II for project lab22_bsp ****
wsl make all 
[BSP build complete]
15:33:20 **** Incremental Build of configuration Nios II for project lab22 ****
wsl make all 
Info: Building /mnt/c/Users/osour/Desktop/EmbSys/Lab2.2bis/hw/quartus/software/lab22_bsp/
make --no-print-directory -C /mnt/c/Users/osour/Desktop/EmbSys/Lab2.2bis/hw/quartus/software/lab22_bsp/
[BSP build complete]
Info: Compiling daisyport.c to obj/default/daisyport.o
nios2-elf-gcc.exe -xc -MP -MMD -c -Ic:/Users/osour/Desktop/EmbSys/Lab2.2bis/hw/quartus/software/lab22_bsp//HAL/inc -Ic:/Users/osour/Desktop/EmbSys/Lab2.2bis/hw/quartus/software/lab22_bsp/ -Ic:/Users/osour/Desktop/EmbSys/Lab2.2bis/hw/quartus/software/lab22_bsp//drivers/inc -pipe -D__hal__ -DALT_NO_INSTRUCTION_EMULATION -DALT_SINGLE_THREADED    -O0 -g -Wall  -mno-hw-div -mhw-mul -mno-hw-mulx -mgpopt=global  -o "obj/default/daisyport.o" "daisyport.c"
Info: Compiling hello_world.c to obj/default/hello_world.o
nios2-elf-gcc.exe -xc -MP -MMD -c -Ic:/Users/osour/Desktop/EmbSys/Lab2.2bis/hw/quartus/software/lab22_bsp//HAL/inc -Ic:/Users/osour/Desktop/EmbSys/Lab2.2bis/hw/quartus/software/lab22_bsp/ -Ic:/Users/osour/Desktop/EmbSys/Lab2.2bis/hw/quartus/software/lab22_bsp//drivers/inc -pipe -D__hal__ -DALT_NO_INSTRUCTION_EMULATION -DALT_SINGLE_THREADED    -O0 -g -Wall  -mno-hw-div -mhw-mul -mno-hw-mulx -mgpopt=global  -o "obj/default/hello_world.o" "hello_world.c"
Info: Linking lab22.elf
nios2-elf-g++.exe -T'c:/Users/osour/Desktop/EmbSys/Lab2.2bis/hw/quartus/software/lab22_bsp//linker.x' -msys-crt0='c:/Users/osour/Desktop/EmbSys/Lab2.2bis/hw/quartus/software/lab22_bsp//obj/HAL/src/crt0.o' -msys-lib=hal_bsp -Lc:/Users/osour/Desktop/EmbSys/Lab2.2bis/hw/quartus/software/lab22_bsp/   -Wl,-Map=lab22.map   -O0 -g -Wall  -mno-hw-div -mhw-mul -mno-hw-mulx -mgpopt=global  -o lab22.elf obj/default/daisyport.o obj/default/hello_world.o -lm -msys-lib=m
nios2-elf-insert.exe lab22.elf --thread_model hal --cpu_name nios2_gen2_0 --qsys true --simulation_enabled false --stderr_dev jtag_uart_0 --stdin_dev jtag_uart_0 --stdout_dev jtag_uart_0 --sopc_system_name system --quartus_project_dir "c:/Users/osour/Desktop/EmbSys/Lab2.2bis/hw/quartus" --jdi ../..//output_files/Lab22bis.jdi --sopcinfo c:/Users/osour/Desktop/EmbSys/Lab2.2bis/hw/quartus/system.sopcinfo
Info: (lab22.elf) 15 KBytes program size (code + initialized data).
Info:             106 KBytes free for stack + heap.
Info: Creating lab22.objdump
nios2-elf-objdump.exe --disassemble --syms --all-header --source lab22.elf >lab22.objdump
[lab22 build complete]
15:33:22 **** Incremental Build of configuration Nios II for project lab22_bsp ****
wsl make all 
[BSP build complete]
