Flow report for DE0_Nano
Wed Jul 02 13:48:34 2014
Quartus II 64-Bit Version 13.1.0 Build 162 10/23/2013 SJ Full Version


---------------------
; Table of Contents ;
---------------------
  1. Legal Notice
  2. Flow Summary
  3. Flow Settings
  4. Flow Non-Default Global Settings
  5. Flow Elapsed Time
  6. Flow OS Summary
  7. Flow Log
  8. Flow Messages
  9. Flow Suppressed Messages



----------------
; Legal Notice ;
----------------
Copyright (C) 1991-2013 Altera Corporation
Your use of Altera Corporation's design tools, logic functions 
and other software and tools, and its AMPP partner logic 
functions, and any output files from any of the foregoing 
(including device programming or simulation files), and any 
associated documentation or information are expressly subject 
to the terms and conditions of the Altera Program License 
Subscription Agreement, Altera MegaCore Function License 
Agreement, or other applicable license agreement, including, 
without limitation, that your use is for the sole purpose of 
programming logic devices manufactured by Altera and sold by 
Altera or its authorized distributors.  Please refer to the 
applicable agreement for further details.



+----------------------------------------------------------------------------------+
; Flow Summary                                                                     ;
+------------------------------------+---------------------------------------------+
; Flow Status                        ; Successful - Wed Jul 02 13:48:24 2014       ;
; Quartus II 64-Bit Version          ; 13.1.0 Build 162 10/23/2013 SJ Full Version ;
; Revision Name                      ; DE0_Nano                                    ;
; Top-level Entity Name              ; DE0_Nano                                    ;
; Family                             ; Cyclone IV E                                ;
; Device                             ; EP4CE22F17C6                                ;
; Timing Models                      ; Final                                       ;
; Total logic elements               ; 5,456 / 22,320 ( 24 % )                     ;
;     Total combinational functions  ; 4,661 / 22,320 ( 21 % )                     ;
;     Dedicated logic registers      ; 3,432 / 22,320 ( 15 % )                     ;
; Total registers                    ; 3501                                        ;
; Total pins                         ; 146 / 154 ( 95 % )                          ;
; Total virtual pins                 ; 0                                           ;
; Total memory bits                  ; 74,640 / 608,256 ( 12 % )                   ;
; Embedded Multiplier 9-bit elements ; 4 / 132 ( 3 % )                             ;
; Total PLLs                         ; 1 / 4 ( 25 % )                              ;
+------------------------------------+---------------------------------------------+


+-----------------------------------------+
; Flow Settings                           ;
+-------------------+---------------------+
; Option            ; Setting             ;
+-------------------+---------------------+
; Start date & time ; 07/02/2014 13:46:50 ;
; Main task         ; Compilation         ;
; Revision Name     ; DE0_Nano            ;
+-------------------+---------------------+


+-----------------------------------------------------------------------------------------------------------------------------------------------------------------------------------------+
; Flow Non-Default Global Settings                                                                                                                                                        ;
+-------------------------------------+-----------------------------------------------------------------+---------------+----------------------------------------------------+------------+
; Assignment Name                     ; Value                                                           ; Default Value ; Entity Name                                        ; Section Id ;
+-------------------------------------+-----------------------------------------------------------------+---------------+----------------------------------------------------+------------+
; COMPILER_SIGNATURE_ID               ; 158515234121184.140428001004088                                 ; --            ; --                                                 ; --         ;
; IGNORE_PARTITIONS                   ; On                                                              ; Off           ; --                                                 ; --         ;
; IP_TOOL_ENV                         ; Qsys                                                            ; --            ; DE0_Nano_SOPC                                      ; --         ;
; IP_TOOL_ENV                         ; Qsys                                                            ; --            ; DE0_Nano_SOPC_LCD_RESET_N                          ; --         ;
; IP_TOOL_ENV                         ; Qsys                                                            ; --            ; DE0_Nano_SOPC_altpll_sys                           ; --         ;
; IP_TOOL_ENV                         ; Qsys                                                            ; --            ; DE0_Nano_SOPC_cpu                                  ; --         ;
; IP_TOOL_ENV                         ; Qsys                                                            ; --            ; DE0_Nano_SOPC_epcs_flash_controller_0              ; --         ;
; IP_TOOL_ENV                         ; Qsys                                                            ; --            ; DE0_Nano_SOPC_irq_mapper                           ; --         ;
; IP_TOOL_ENV                         ; Qsys                                                            ; --            ; DE0_Nano_SOPC_jtag_uart                            ; --         ;
; IP_TOOL_ENV                         ; Qsys                                                            ; --            ; DE0_Nano_SOPC_key                                  ; --         ;
; IP_TOOL_ENV                         ; Qsys                                                            ; --            ; DE0_Nano_SOPC_led                                  ; --         ;
; IP_TOOL_ENV                         ; Qsys                                                            ; --            ; DE0_Nano_SOPC_mm_interconnect_0                    ; --         ;
; IP_TOOL_ENV                         ; Qsys                                                            ; --            ; DE0_Nano_SOPC_mm_interconnect_0_addr_router        ; --         ;
; IP_TOOL_ENV                         ; Qsys                                                            ; --            ; DE0_Nano_SOPC_mm_interconnect_0_addr_router_001    ; --         ;
; IP_TOOL_ENV                         ; Qsys                                                            ; --            ; DE0_Nano_SOPC_mm_interconnect_0_cmd_xbar_demux     ; --         ;
; IP_TOOL_ENV                         ; Qsys                                                            ; --            ; DE0_Nano_SOPC_mm_interconnect_0_cmd_xbar_demux_001 ; --         ;
; IP_TOOL_ENV                         ; Qsys                                                            ; --            ; DE0_Nano_SOPC_mm_interconnect_0_cmd_xbar_mux       ; --         ;
; IP_TOOL_ENV                         ; Qsys                                                            ; --            ; DE0_Nano_SOPC_mm_interconnect_0_cmd_xbar_mux_003   ; --         ;
; IP_TOOL_ENV                         ; Qsys                                                            ; --            ; DE0_Nano_SOPC_mm_interconnect_0_cmd_xbar_mux_010   ; --         ;
; IP_TOOL_ENV                         ; Qsys                                                            ; --            ; DE0_Nano_SOPC_mm_interconnect_0_id_router          ; --         ;
; IP_TOOL_ENV                         ; Qsys                                                            ; --            ; DE0_Nano_SOPC_mm_interconnect_0_id_router_001      ; --         ;
; IP_TOOL_ENV                         ; Qsys                                                            ; --            ; DE0_Nano_SOPC_mm_interconnect_0_id_router_003      ; --         ;
; IP_TOOL_ENV                         ; Qsys                                                            ; --            ; DE0_Nano_SOPC_mm_interconnect_0_id_router_010      ; --         ;
; IP_TOOL_ENV                         ; Qsys                                                            ; --            ; DE0_Nano_SOPC_mm_interconnect_0_rsp_xbar_demux     ; --         ;
; IP_TOOL_ENV                         ; Qsys                                                            ; --            ; DE0_Nano_SOPC_mm_interconnect_0_rsp_xbar_demux_003 ; --         ;
; IP_TOOL_ENV                         ; Qsys                                                            ; --            ; DE0_Nano_SOPC_mm_interconnect_0_rsp_xbar_demux_010 ; --         ;
; IP_TOOL_ENV                         ; Qsys                                                            ; --            ; DE0_Nano_SOPC_mm_interconnect_0_rsp_xbar_mux       ; --         ;
; IP_TOOL_ENV                         ; Qsys                                                            ; --            ; DE0_Nano_SOPC_mm_interconnect_0_rsp_xbar_mux_001   ; --         ;
; IP_TOOL_ENV                         ; Qsys                                                            ; --            ; DE0_Nano_SOPC_mm_interconnect_1                    ; --         ;
; IP_TOOL_ENV                         ; Qsys                                                            ; --            ; DE0_Nano_SOPC_mm_interconnect_1_addr_router        ; --         ;
; IP_TOOL_ENV                         ; Qsys                                                            ; --            ; DE0_Nano_SOPC_mm_interconnect_1_cmd_xbar_demux     ; --         ;
; IP_TOOL_ENV                         ; Qsys                                                            ; --            ; DE0_Nano_SOPC_mm_interconnect_1_cmd_xbar_mux       ; --         ;
; IP_TOOL_ENV                         ; Qsys                                                            ; --            ; DE0_Nano_SOPC_mm_interconnect_1_id_router          ; --         ;
; IP_TOOL_ENV                         ; Qsys                                                            ; --            ; DE0_Nano_SOPC_mm_interconnect_1_rsp_xbar_demux     ; --         ;
; IP_TOOL_ENV                         ; Qsys                                                            ; --            ; DE0_Nano_SOPC_mm_interconnect_1_rsp_xbar_mux       ; --         ;
; IP_TOOL_ENV                         ; Qsys                                                            ; --            ; DE0_Nano_SOPC_sdram                                ; --         ;
; IP_TOOL_ENV                         ; Qsys                                                            ; --            ; DE0_Nano_SOPC_sw                                   ; --         ;
; IP_TOOL_ENV                         ; Qsys                                                            ; --            ; DE0_Nano_SOPC_sysid                                ; --         ;
; IP_TOOL_ENV                         ; Qsys                                                            ; --            ; DE0_Nano_SOPC_timer                                ; --         ;
; IP_TOOL_ENV                         ; Qsys                                                            ; --            ; DE0_Nano_SOPC_touch_panel_busy                     ; --         ;
; IP_TOOL_ENV                         ; Qsys                                                            ; --            ; DE0_Nano_SOPC_touch_panel_pen_irq_n                ; --         ;
; IP_TOOL_ENV                         ; Qsys                                                            ; --            ; DE0_Nano_SOPC_touch_panel_spi                      ; --         ;
; IP_TOOL_ENV                         ; Qsys                                                            ; --            ; altera_avalon_mm_clock_crossing_bridge             ; --         ;
; IP_TOOL_ENV                         ; Qsys                                                            ; --            ; altera_avalon_sc_fifo                              ; --         ;
; IP_TOOL_ENV                         ; Qsys                                                            ; --            ; altera_avalon_st_handshake_clock_crosser           ; --         ;
; IP_TOOL_ENV                         ; Qsys                                                            ; --            ; altera_irq_clock_crosser                           ; --         ;
; IP_TOOL_ENV                         ; Qsys                                                            ; --            ; altera_merlin_burst_adapter                        ; --         ;
; IP_TOOL_ENV                         ; Qsys                                                            ; --            ; altera_merlin_master_agent                         ; --         ;
; IP_TOOL_ENV                         ; Qsys                                                            ; --            ; altera_merlin_master_translator                    ; --         ;
; IP_TOOL_ENV                         ; Qsys                                                            ; --            ; altera_merlin_slave_agent                          ; --         ;
; IP_TOOL_ENV                         ; Qsys                                                            ; --            ; altera_merlin_slave_translator                     ; --         ;
; IP_TOOL_ENV                         ; Qsys                                                            ; --            ; altera_merlin_traffic_limiter                      ; --         ;
; IP_TOOL_ENV                         ; Qsys                                                            ; --            ; altera_merlin_width_adapter                        ; --         ;
; IP_TOOL_ENV                         ; Qsys                                                            ; --            ; altera_reset_controller                            ; --         ;
; IP_TOOL_NAME                        ; Qsys                                                            ; --            ; DE0_Nano_SOPC                                      ; --         ;
; IP_TOOL_NAME                        ; altera_avalon_pio                                               ; --            ; DE0_Nano_SOPC_LCD_RESET_N                          ; --         ;
; IP_TOOL_NAME                        ; altpll                                                          ; --            ; DE0_Nano_SOPC_altpll_sys                           ; --         ;
; IP_TOOL_NAME                        ; altera_nios2_qsys                                               ; --            ; DE0_Nano_SOPC_cpu                                  ; --         ;
; IP_TOOL_NAME                        ; altera_avalon_epcs_flash_controller                             ; --            ; DE0_Nano_SOPC_epcs_flash_controller_0              ; --         ;
; IP_TOOL_NAME                        ; altera_irq_mapper                                               ; --            ; DE0_Nano_SOPC_irq_mapper                           ; --         ;
; IP_TOOL_NAME                        ; altera_avalon_jtag_uart                                         ; --            ; DE0_Nano_SOPC_jtag_uart                            ; --         ;
; IP_TOOL_NAME                        ; altera_avalon_pio                                               ; --            ; DE0_Nano_SOPC_key                                  ; --         ;
; IP_TOOL_NAME                        ; altera_avalon_pio                                               ; --            ; DE0_Nano_SOPC_led                                  ; --         ;
; IP_TOOL_NAME                        ; altera_merlin_interconnect_wrapper                              ; --            ; DE0_Nano_SOPC_mm_interconnect_0                    ; --         ;
; IP_TOOL_NAME                        ; altera_merlin_router                                            ; --            ; DE0_Nano_SOPC_mm_interconnect_0_addr_router        ; --         ;
; IP_TOOL_NAME                        ; altera_merlin_router                                            ; --            ; DE0_Nano_SOPC_mm_interconnect_0_addr_router_001    ; --         ;
; IP_TOOL_NAME                        ; altera_merlin_demultiplexer                                     ; --            ; DE0_Nano_SOPC_mm_interconnect_0_cmd_xbar_demux     ; --         ;
; IP_TOOL_NAME                        ; altera_merlin_demultiplexer                                     ; --            ; DE0_Nano_SOPC_mm_interconnect_0_cmd_xbar_demux_001 ; --         ;
; IP_TOOL_NAME                        ; altera_merlin_multiplexer                                       ; --            ; DE0_Nano_SOPC_mm_interconnect_0_cmd_xbar_mux       ; --         ;
; IP_TOOL_NAME                        ; altera_merlin_multiplexer                                       ; --            ; DE0_Nano_SOPC_mm_interconnect_0_cmd_xbar_mux_003   ; --         ;
; IP_TOOL_NAME                        ; altera_merlin_multiplexer                                       ; --            ; DE0_Nano_SOPC_mm_interconnect_0_cmd_xbar_mux_010   ; --         ;
; IP_TOOL_NAME                        ; altera_merlin_router                                            ; --            ; DE0_Nano_SOPC_mm_interconnect_0_id_router          ; --         ;
; IP_TOOL_NAME                        ; altera_merlin_router                                            ; --            ; DE0_Nano_SOPC_mm_interconnect_0_id_router_001      ; --         ;
; IP_TOOL_NAME                        ; altera_merlin_router                                            ; --            ; DE0_Nano_SOPC_mm_interconnect_0_id_router_003      ; --         ;
; IP_TOOL_NAME                        ; altera_merlin_router                                            ; --            ; DE0_Nano_SOPC_mm_interconnect_0_id_router_010      ; --         ;
; IP_TOOL_NAME                        ; altera_merlin_demultiplexer                                     ; --            ; DE0_Nano_SOPC_mm_interconnect_0_rsp_xbar_demux     ; --         ;
; IP_TOOL_NAME                        ; altera_merlin_demultiplexer                                     ; --            ; DE0_Nano_SOPC_mm_interconnect_0_rsp_xbar_demux_003 ; --         ;
; IP_TOOL_NAME                        ; altera_merlin_demultiplexer                                     ; --            ; DE0_Nano_SOPC_mm_interconnect_0_rsp_xbar_demux_010 ; --         ;
; IP_TOOL_NAME                        ; altera_merlin_multiplexer                                       ; --            ; DE0_Nano_SOPC_mm_interconnect_0_rsp_xbar_mux       ; --         ;
; IP_TOOL_NAME                        ; altera_merlin_multiplexer                                       ; --            ; DE0_Nano_SOPC_mm_interconnect_0_rsp_xbar_mux_001   ; --         ;
; IP_TOOL_NAME                        ; altera_merlin_interconnect_wrapper                              ; --            ; DE0_Nano_SOPC_mm_interconnect_1                    ; --         ;
; IP_TOOL_NAME                        ; altera_merlin_router                                            ; --            ; DE0_Nano_SOPC_mm_interconnect_1_addr_router        ; --         ;
; IP_TOOL_NAME                        ; altera_merlin_demultiplexer                                     ; --            ; DE0_Nano_SOPC_mm_interconnect_1_cmd_xbar_demux     ; --         ;
; IP_TOOL_NAME                        ; altera_merlin_multiplexer                                       ; --            ; DE0_Nano_SOPC_mm_interconnect_1_cmd_xbar_mux       ; --         ;
; IP_TOOL_NAME                        ; altera_merlin_router                                            ; --            ; DE0_Nano_SOPC_mm_interconnect_1_id_router          ; --         ;
; IP_TOOL_NAME                        ; altera_merlin_demultiplexer                                     ; --            ; DE0_Nano_SOPC_mm_interconnect_1_rsp_xbar_demux     ; --         ;
; IP_TOOL_NAME                        ; altera_merlin_multiplexer                                       ; --            ; DE0_Nano_SOPC_mm_interconnect_1_rsp_xbar_mux       ; --         ;
; IP_TOOL_NAME                        ; altera_avalon_new_sdram_controller                              ; --            ; DE0_Nano_SOPC_sdram                                ; --         ;
; IP_TOOL_NAME                        ; altera_avalon_pio                                               ; --            ; DE0_Nano_SOPC_sw                                   ; --         ;
; IP_TOOL_NAME                        ; altera_avalon_sysid_qsys                                        ; --            ; DE0_Nano_SOPC_sysid                                ; --         ;
; IP_TOOL_NAME                        ; altera_avalon_timer                                             ; --            ; DE0_Nano_SOPC_timer                                ; --         ;
; IP_TOOL_NAME                        ; altera_avalon_pio                                               ; --            ; DE0_Nano_SOPC_touch_panel_busy                     ; --         ;
; IP_TOOL_NAME                        ; altera_avalon_pio                                               ; --            ; DE0_Nano_SOPC_touch_panel_pen_irq_n                ; --         ;
; IP_TOOL_NAME                        ; altera_avalon_spi                                               ; --            ; DE0_Nano_SOPC_touch_panel_spi                      ; --         ;
; IP_TOOL_NAME                        ; altera_avalon_mm_clock_crossing_bridge                          ; --            ; altera_avalon_mm_clock_crossing_bridge             ; --         ;
; IP_TOOL_NAME                        ; altera_avalon_sc_fifo                                           ; --            ; altera_avalon_sc_fifo                              ; --         ;
; IP_TOOL_NAME                        ; altera_avalon_st_handshake_clock_crosser                        ; --            ; altera_avalon_st_handshake_clock_crosser           ; --         ;
; IP_TOOL_NAME                        ; altera_irq_clock_crosser                                        ; --            ; altera_irq_clock_crosser                           ; --         ;
; IP_TOOL_NAME                        ; altera_merlin_burst_adapter                                     ; --            ; altera_merlin_burst_adapter                        ; --         ;
; IP_TOOL_NAME                        ; altera_merlin_master_agent                                      ; --            ; altera_merlin_master_agent                         ; --         ;
; IP_TOOL_NAME                        ; altera_merlin_master_translator                                 ; --            ; altera_merlin_master_translator                    ; --         ;
; IP_TOOL_NAME                        ; altera_merlin_slave_agent                                       ; --            ; altera_merlin_slave_agent                          ; --         ;
; IP_TOOL_NAME                        ; altera_merlin_slave_translator                                  ; --            ; altera_merlin_slave_translator                     ; --         ;
; IP_TOOL_NAME                        ; altera_merlin_traffic_limiter                                   ; --            ; altera_merlin_traffic_limiter                      ; --         ;
; IP_TOOL_NAME                        ; altera_merlin_width_adapter                                     ; --            ; altera_merlin_width_adapter                        ; --         ;
; IP_TOOL_NAME                        ; altera_reset_controller                                         ; --            ; altera_reset_controller                            ; --         ;
; IP_TOOL_VERSION                     ; 13.1                                                            ; --            ; DE0_Nano_SOPC                                      ; --         ;
; IP_TOOL_VERSION                     ; 13.1                                                            ; --            ; DE0_Nano_SOPC_LCD_RESET_N                          ; --         ;
; IP_TOOL_VERSION                     ; 13.1                                                            ; --            ; DE0_Nano_SOPC_altpll_sys                           ; --         ;
; IP_TOOL_VERSION                     ; 13.1                                                            ; --            ; DE0_Nano_SOPC_cpu                                  ; --         ;
; IP_TOOL_VERSION                     ; 13.1                                                            ; --            ; DE0_Nano_SOPC_epcs_flash_controller_0              ; --         ;
; IP_TOOL_VERSION                     ; 13.1                                                            ; --            ; DE0_Nano_SOPC_irq_mapper                           ; --         ;
; IP_TOOL_VERSION                     ; 13.1                                                            ; --            ; DE0_Nano_SOPC_jtag_uart                            ; --         ;
; IP_TOOL_VERSION                     ; 13.1                                                            ; --            ; DE0_Nano_SOPC_key                                  ; --         ;
; IP_TOOL_VERSION                     ; 13.1                                                            ; --            ; DE0_Nano_SOPC_led                                  ; --         ;
; IP_TOOL_VERSION                     ; 13.1                                                            ; --            ; DE0_Nano_SOPC_mm_interconnect_0                    ; --         ;
; IP_TOOL_VERSION                     ; 13.1                                                            ; --            ; DE0_Nano_SOPC_mm_interconnect_0_addr_router        ; --         ;
; IP_TOOL_VERSION                     ; 13.1                                                            ; --            ; DE0_Nano_SOPC_mm_interconnect_0_addr_router_001    ; --         ;
; IP_TOOL_VERSION                     ; 13.1                                                            ; --            ; DE0_Nano_SOPC_mm_interconnect_0_cmd_xbar_demux     ; --         ;
; IP_TOOL_VERSION                     ; 13.1                                                            ; --            ; DE0_Nano_SOPC_mm_interconnect_0_cmd_xbar_demux_001 ; --         ;
; IP_TOOL_VERSION                     ; 13.1                                                            ; --            ; DE0_Nano_SOPC_mm_interconnect_0_cmd_xbar_mux       ; --         ;
; IP_TOOL_VERSION                     ; 13.1                                                            ; --            ; DE0_Nano_SOPC_mm_interconnect_0_cmd_xbar_mux_003   ; --         ;
; IP_TOOL_VERSION                     ; 13.1                                                            ; --            ; DE0_Nano_SOPC_mm_interconnect_0_cmd_xbar_mux_010   ; --         ;
; IP_TOOL_VERSION                     ; 13.1                                                            ; --            ; DE0_Nano_SOPC_mm_interconnect_0_id_router          ; --         ;
; IP_TOOL_VERSION                     ; 13.1                                                            ; --            ; DE0_Nano_SOPC_mm_interconnect_0_id_router_001      ; --         ;
; IP_TOOL_VERSION                     ; 13.1                                                            ; --            ; DE0_Nano_SOPC_mm_interconnect_0_id_router_003      ; --         ;
; IP_TOOL_VERSION                     ; 13.1                                                            ; --            ; DE0_Nano_SOPC_mm_interconnect_0_id_router_010      ; --         ;
; IP_TOOL_VERSION                     ; 13.1                                                            ; --            ; DE0_Nano_SOPC_mm_interconnect_0_rsp_xbar_demux     ; --         ;
; IP_TOOL_VERSION                     ; 13.1                                                            ; --            ; DE0_Nano_SOPC_mm_interconnect_0_rsp_xbar_demux_003 ; --         ;
; IP_TOOL_VERSION                     ; 13.1                                                            ; --            ; DE0_Nano_SOPC_mm_interconnect_0_rsp_xbar_demux_010 ; --         ;
; IP_TOOL_VERSION                     ; 13.1                                                            ; --            ; DE0_Nano_SOPC_mm_interconnect_0_rsp_xbar_mux       ; --         ;
; IP_TOOL_VERSION                     ; 13.1                                                            ; --            ; DE0_Nano_SOPC_mm_interconnect_0_rsp_xbar_mux_001   ; --         ;
; IP_TOOL_VERSION                     ; 13.1                                                            ; --            ; DE0_Nano_SOPC_mm_interconnect_1                    ; --         ;
; IP_TOOL_VERSION                     ; 13.1                                                            ; --            ; DE0_Nano_SOPC_mm_interconnect_1_addr_router        ; --         ;
; IP_TOOL_VERSION                     ; 13.1                                                            ; --            ; DE0_Nano_SOPC_mm_interconnect_1_cmd_xbar_demux     ; --         ;
; IP_TOOL_VERSION                     ; 13.1                                                            ; --            ; DE0_Nano_SOPC_mm_interconnect_1_cmd_xbar_mux       ; --         ;
; IP_TOOL_VERSION                     ; 13.1                                                            ; --            ; DE0_Nano_SOPC_mm_interconnect_1_id_router          ; --         ;
; IP_TOOL_VERSION                     ; 13.1                                                            ; --            ; DE0_Nano_SOPC_mm_interconnect_1_rsp_xbar_demux     ; --         ;
; IP_TOOL_VERSION                     ; 13.1                                                            ; --            ; DE0_Nano_SOPC_mm_interconnect_1_rsp_xbar_mux       ; --         ;
; IP_TOOL_VERSION                     ; 13.1                                                            ; --            ; DE0_Nano_SOPC_sdram                                ; --         ;
; IP_TOOL_VERSION                     ; 13.1                                                            ; --            ; DE0_Nano_SOPC_sw                                   ; --         ;
; IP_TOOL_VERSION                     ; 13.1                                                            ; --            ; DE0_Nano_SOPC_sysid                                ; --         ;
; IP_TOOL_VERSION                     ; 13.1                                                            ; --            ; DE0_Nano_SOPC_timer                                ; --         ;
; IP_TOOL_VERSION                     ; 13.1                                                            ; --            ; DE0_Nano_SOPC_touch_panel_busy                     ; --         ;
; IP_TOOL_VERSION                     ; 13.1                                                            ; --            ; DE0_Nano_SOPC_touch_panel_pen_irq_n                ; --         ;
; IP_TOOL_VERSION                     ; 13.1                                                            ; --            ; DE0_Nano_SOPC_touch_panel_spi                      ; --         ;
; IP_TOOL_VERSION                     ; 13.1                                                            ; --            ; altera_avalon_mm_clock_crossing_bridge             ; --         ;
; IP_TOOL_VERSION                     ; 13.1                                                            ; --            ; altera_avalon_sc_fifo                              ; --         ;
; IP_TOOL_VERSION                     ; 13.1                                                            ; --            ; altera_avalon_st_handshake_clock_crosser           ; --         ;
; IP_TOOL_VERSION                     ; 13.1                                                            ; --            ; altera_irq_clock_crosser                           ; --         ;
; IP_TOOL_VERSION                     ; 13.1                                                            ; --            ; altera_merlin_burst_adapter                        ; --         ;
; IP_TOOL_VERSION                     ; 13.1                                                            ; --            ; altera_merlin_master_agent                         ; --         ;
; IP_TOOL_VERSION                     ; 13.1                                                            ; --            ; altera_merlin_master_translator                    ; --         ;
; IP_TOOL_VERSION                     ; 13.1                                                            ; --            ; altera_merlin_slave_agent                          ; --         ;
; IP_TOOL_VERSION                     ; 13.1                                                            ; --            ; altera_merlin_slave_translator                     ; --         ;
; IP_TOOL_VERSION                     ; 13.1                                                            ; --            ; altera_merlin_traffic_limiter                      ; --         ;
; IP_TOOL_VERSION                     ; 13.1                                                            ; --            ; altera_merlin_width_adapter                        ; --         ;
; IP_TOOL_VERSION                     ; 13.1                                                            ; --            ; altera_reset_controller                            ; --         ;
; MAX_CORE_JUNCTION_TEMP              ; 85                                                              ; --            ; --                                                 ; --         ;
; MIN_CORE_JUNCTION_TEMP              ; 0                                                               ; --            ; --                                                 ; --         ;
; MISC_FILE                           ; DE0_Nano_SOPC/synthesis/../../DE0_Nano_SOPC.cmp                 ; --            ; --                                                 ; --         ;
; MISC_FILE                           ; DE0_Nano_SOPC/synthesis/../../DE0_Nano_SOPC.qsys                ; --            ; --                                                 ; --         ;
; OUTPUT_IO_TIMING_FAR_END_VMEAS      ; Half Signal Swing                                               ; --            ; --                                                 ; --         ;
; OUTPUT_IO_TIMING_FAR_END_VMEAS      ; Half Signal Swing                                               ; --            ; --                                                 ; --         ;
; OUTPUT_IO_TIMING_NEAR_END_VMEAS     ; Half Vccio                                                      ; --            ; --                                                 ; --         ;
; OUTPUT_IO_TIMING_NEAR_END_VMEAS     ; Half Vccio                                                      ; --            ; --                                                 ; --         ;
; PARTITION_COLOR                     ; 16764057                                                        ; --            ; --                                                 ; Top        ;
; PARTITION_FITTER_PRESERVATION_LEVEL ; PLACEMENT_AND_ROUTING                                           ; --            ; --                                                 ; Top        ;
; PARTITION_NETLIST_TYPE              ; SOURCE                                                          ; --            ; --                                                 ; Top        ;
; SLD_FILE                            ; DE0_Nano_SOPC/synthesis/DE0_Nano_SOPC.regmap                    ; --            ; --                                                 ; --         ;
; SLD_FILE                            ; DE0_Nano_SOPC/synthesis/DE0_Nano_SOPC.debuginfo                 ; --            ; --                                                 ; --         ;
; SLD_INFO                            ; QSYS_NAME DE0_Nano_SOPC HAS_SOPCINFO 1 GENERATION_ID 1404279855 ; --            ; DE0_Nano_SOPC                                      ; --         ;
; SOPCINFO_FILE                       ; DE0_Nano_SOPC/synthesis/../../DE0_Nano_SOPC.sopcinfo            ; --            ; --                                                 ; --         ;
; SYNTHESIS_ONLY_QIP                  ; On                                                              ; --            ; --                                                 ; --         ;
+-------------------------------------+-----------------------------------------------------------------+---------------+----------------------------------------------------+------------+


+-------------------------------------------------------------------------------------------------------------------------------+
; Flow Elapsed Time                                                                                                             ;
+---------------------------+--------------+-------------------------+---------------------+------------------------------------+
; Module Name               ; Elapsed Time ; Average Processors Used ; Peak Virtual Memory ; Total CPU Time (on all processors) ;
+---------------------------+--------------+-------------------------+---------------------+------------------------------------+
; Analysis & Synthesis      ; 00:00:36     ; 1.0                     ; 764 MB              ; 00:00:32                           ;
; Fitter                    ; 00:00:42     ; 1.5                     ; 1387 MB             ; 00:00:51                           ;
; Assembler                 ; 00:00:11     ; 1.0                     ; 482 MB              ; 00:00:02                           ;
; TimeQuest Timing Analyzer ; 00:00:08     ; 1.0                     ; 638 MB              ; 00:00:08                           ;
; Total                     ; 00:01:37     ; --                      ; --                  ; 00:01:33                           ;
+---------------------------+--------------+-------------------------+---------------------+------------------------------------+


+----------------------------------------------------------------------------------------+
; Flow OS Summary                                                                        ;
+---------------------------+------------------+-----------+------------+----------------+
; Module Name               ; Machine Hostname ; OS Name   ; OS Version ; Processor type ;
+---------------------------+------------------+-----------+------------+----------------+
; Analysis & Synthesis      ; terasic-PC210    ; Windows 7 ; 6.1        ; x86_64         ;
; Fitter                    ; terasic-PC210    ; Windows 7 ; 6.1        ; x86_64         ;
; Assembler                 ; terasic-PC210    ; Windows 7 ; 6.1        ; x86_64         ;
; TimeQuest Timing Analyzer ; terasic-PC210    ; Windows 7 ; 6.1        ; x86_64         ;
+---------------------------+------------------+-----------+------------+----------------+


------------
; Flow Log ;
------------
quartus_map --read_settings_files=on --write_settings_files=off DE0_Nano -c DE0_Nano
quartus_fit --read_settings_files=off --write_settings_files=off DE0_Nano -c DE0_Nano
quartus_asm --read_settings_files=off --write_settings_files=off DE0_Nano -c DE0_Nano
quartus_sta DE0_Nano -c DE0_Nano



